<?xml version="1.0" encoding="UTF-8"?>
<testsuite xmlns:xsi="http://www.w3.org/2001/XMLSchema-instance" xsi:noNamespaceSchemaLocation="https://maven.apache.org/surefire/maven-surefire-plugin/xsd/surefire-test-report.xsd" version="3.0.2" name="com.gft.techtest.prices.infrastructure.in.rest.controller.PriceApiE2ETest" time="15.175" tests="10" errors="0" skipped="0" failures="0">
  <properties>
[...]
</properties>
  <testcase name="shouldReturnPriceForJune14AtTen" classname="com.gft.techtest.prices.infrastructure.in.rest.controller.PriceApiE2ETest" time="3.431">
    <system-out><![CDATA[13:26:15.334 [main] INFO org.springframework.test.context.support.AnnotationConfigContextLoaderUtils -- Could not detect default configuration classes for test class [com.gft.techtest.prices.infrastructure.in.rest.controller.PriceApiE2ETest]: PriceApiE2ETest does not declare any static, non-private, non-final, nested classes annotated with @Configuration.
13:26:15.593 [main] INFO org.springframework.boot.test.context.SpringBootTestContextBootstrapper -- Found @SpringBootConfiguration com.gft.techtest.GftTechTestApplication for test class com.gft.techtest.prices.infrastructure.in.rest.controller.PriceApiE2ETest

  .   ____          _            __ _ _
 /\\ / ___'_ __ _ _(_)_ __  __ _ \ \ \ \
( ( )\___ | '_ | '_| | '_ \/ _` | \ \ \ \
 \\/  ___)| |_)| | | | | || (_| |  ) ) ) )
  '  |____| .__|_| |_|_| |_\__, | / / / /
 =========|_|==============|___/=/_/_/_/

 :: Spring Boot ::                (v4.0.1)

2026-06-14T13:26:16.185+02:00  INFO 26844 --- [GFT Technical Test] [           main] c.g.t.p.i.i.r.c.PriceApiE2ETest          : Starting PriceApiE2ETest using Java 21.0.11 with PID 26844 (started by NuruQuentar in C:\Projects\GFT Tech Test)
2026-06-14T13:26:16.188+02:00  INFO 26844 --- [GFT Technical Test] [           main] c.g.t.p.i.i.r.c.PriceApiE2ETest          : No active profile set, falling back to 1 default profile: "default"
2026-06-14T13:26:17.956+02:00  INFO 26844 --- [GFT Technical Test] [           main] .s.d.r.c.RepositoryConfigurationDelegate : Bootstrapping Spring Data JPA repositories in DEFAULT mode.
2026-06-14T13:26:18.058+02:00  INFO 26844 --- [GFT Technical Test] [           main] .s.d.r.c.RepositoryConfigurationDelegate : Finished Spring Data repository scanning in 89 ms. Found 3 JPA repository interfaces.
2026-06-14T13:26:18.886+02:00  INFO 26844 --- [GFT Technical Test] [           main] o.s.boot.tomcat.TomcatWebServer          : Tomcat initialized with port 0 (http)
2026-06-14T13:26:18.904+02:00  INFO 26844 --- [GFT Technical Test] [           main] o.apache.catalina.core.StandardService   : Starting service [Tomcat]
2026-06-14T13:26:18.905+02:00  INFO 26844 --- [GFT Technical Test] [           main] o.apache.catalina.core.StandardEngine    : Starting Servlet engine: [Apache Tomcat/11.0.15]
2026-06-14T13:26:18.993+02:00  INFO 26844 --- [GFT Technical Test] [           main] b.w.c.s.WebApplicationContextInitializer : Root WebApplicationContext: initialization completed in 2358 ms
2026-06-14T13:26:19.423+02:00  INFO 26844 --- [GFT Technical Test] [           main] org.hibernate.orm.jpa                    : HHH008540: Processing PersistenceUnitInfo [name: default]
2026-06-14T13:26:19.516+02:00  INFO 26844 --- [GFT Technical Test] [           main] org.hibernate.orm.core                   : HHH000001: Hibernate ORM core version 7.2.0.Final
2026-06-14T13:26:20.196+02:00  INFO 26844 --- [GFT Technical Test] [           main] o.s.o.j.p.SpringPersistenceUnitInfo      : No LoadTimeWeaver setup: ignoring JPA class transformer
2026-06-14T13:26:20.240+02:00  INFO 26844 --- [GFT Technical Test] [           main] com.zaxxer.hikari.HikariDataSource       : HikariPool-1 - Starting...
2026-06-14T13:26:20.472+02:00  INFO 26844 --- [GFT Technical Test] [           main] com.zaxxer.hikari.pool.HikariPool        : HikariPool-1 - Added connection conn0: url=jdbc:h2:mem:pricesdb user=SA
2026-06-14T13:26:20.474+02:00  INFO 26844 --- [GFT Technical Test] [           main] com.zaxxer.hikari.HikariDataSource       : HikariPool-1 - Start completed.
2026-06-14T13:26:20.557+02:00  INFO 26844 --- [GFT Technical Test] [           main] org.hibernate.orm.connections.pooling    : HHH10001005: Database info:
	Database JDBC URL [jdbc:h2:mem:pricesdb]
	Database driver: H2 JDBC Driver
	Database dialect: H2Dialect
	Database version: 2.4.240
	Default catalog/schema: PRICESDB/PUBLIC
	Autocommit mode: undefined/unknown
	Isolation level: READ_COMMITTED [default READ_COMMITTED]
	JDBC fetch size: 100
	Pool: DataSourceConnectionProvider
	Minimum pool size: undefined/unknown
	Maximum pool size: undefined/unknown
2026-06-14T13:26:21.679+02:00  INFO 26844 --- [GFT Technical Test] [           main] org.hibernate.orm.core                   : HHH000489: No JTA platform available (set 'hibernate.transaction.jta.platform' to enable JTA platform integration)
2026-06-14T13:26:21.690+02:00  INFO 26844 --- [GFT Technical Test] [           main] j.LocalContainerEntityManagerFactoryBean : Initialized JPA EntityManagerFactory for persistence unit 'default'
2026-06-14T13:26:21.803+02:00  INFO 26844 --- [GFT Technical Test] [           main] o.s.d.j.r.query.QueryEnhancerFactories   : Hibernate is in classpath; If applicable, HQL parser will be used.
2026-06-14T13:26:22.347+02:00  WARN 26844 --- [GFT Technical Test] [           main] JpaBaseConfiguration$JpaWebConfiguration : spring.jpa.open-in-view is enabled by default. Therefore, database queries may be performed during view rendering. Explicitly configure spring.jpa.open-in-view to disable this warning
2026-06-14T13:26:23.140+02:00 DEBUG 26844 --- [GFT Technical Test] [           main] liquibase.servicelocator                 : Loaded liquibase.configuration.AutoloadedConfigurations instance liquibase.GlobalConfiguration
2026-06-14T13:26:23.143+02:00 DEBUG 26844 --- [GFT Technical Test] [           main] liquibase.servicelocator                 : Loaded liquibase.configuration.AutoloadedConfigurations instance liquibase.integration.commandline.LiquibaseCommandLineConfiguration
2026-06-14T13:26:23.143+02:00 DEBUG 26844 --- [GFT Technical Test] [           main] liquibase.servicelocator                 : Loaded liquibase.configuration.AutoloadedConfigurations instance liquibase.logging.core.DefaultLoggerConfiguration
2026-06-14T13:26:23.144+02:00 DEBUG 26844 --- [GFT Technical Test] [           main] liquibase.servicelocator                 : Loaded liquibase.configuration.AutoloadedConfigurations instance liquibase.sql.SqlConfiguration
2026-06-14T13:26:23.147+02:00 DEBUG 26844 --- [GFT Technical Test] [           main] liquibase.servicelocator                 : Loaded liquibase.configuration.AutoloadedConfigurations instance liquibase.parser.ChangeLogParserConfiguration
2026-06-14T13:26:23.148+02:00 DEBUG 26844 --- [GFT Technical Test] [           main] liquibase.servicelocator                 : Loaded liquibase.configuration.AutoloadedConfigurations instance liquibase.analytics.configuration.AnalyticsArgs
2026-06-14T13:26:23.149+02:00 DEBUG 26844 --- [GFT Technical Test] [           main] liquibase.servicelocator                 : Loaded liquibase.configuration.AutoloadedConfigurations instance liquibase.license.LicenseTrackingArgs
2026-06-14T13:26:23.149+02:00 DEBUG 26844 --- [GFT Technical Test] [           main] liquibase.servicelocator                 : Loaded liquibase.configuration.AutoloadedConfigurations instance liquibase.database.core.MSSQLDatabase$SpecificConfiguration
2026-06-14T13:26:23.150+02:00 DEBUG 26844 --- [GFT Technical Test] [           main] liquibase.configuration                  : Found ConfigurationDefinitions in liquibase.GlobalConfiguration
2026-06-14T13:26:23.150+02:00 DEBUG 26844 --- [GFT Technical Test] [           main] liquibase.configuration                  : Found ConfigurationDefinitions in liquibase.integration.commandline.LiquibaseCommandLineConfiguration
2026-06-14T13:26:23.150+02:00 DEBUG 26844 --- [GFT Technical Test] [           main] liquibase.configuration                  : Found ConfigurationDefinitions in liquibase.logging.core.DefaultLoggerConfiguration
2026-06-14T13:26:23.150+02:00 DEBUG 26844 --- [GFT Technical Test] [           main] liquibase.configuration                  : Found ConfigurationDefinitions in liquibase.sql.SqlConfiguration
2026-06-14T13:26:23.150+02:00 DEBUG 26844 --- [GFT Technical Test] [           main] liquibase.configuration                  : Found ConfigurationDefinitions in liquibase.parser.ChangeLogParserConfiguration
2026-06-14T13:26:23.151+02:00 DEBUG 26844 --- [GFT Technical Test] [           main] liquibase.configuration                  : Found ConfigurationDefinitions in liquibase.analytics.configuration.AnalyticsArgs
2026-06-14T13:26:23.151+02:00 DEBUG 26844 --- [GFT Technical Test] [           main] liquibase.configuration                  : Found ConfigurationDefinitions in liquibase.license.LicenseTrackingArgs
2026-06-14T13:26:23.152+02:00 DEBUG 26844 --- [GFT Technical Test] [           main] liquibase.configuration                  : Found ConfigurationDefinitions in liquibase.database.core.MSSQLDatabase$SpecificConfiguration
2026-06-14T13:26:23.154+02:00 DEBUG 26844 --- [GFT Technical Test] [           main] liquibase.servicelocator                 : Loaded liquibase.configuration.ConfigurationValueProvider instance liquibase.configuration.core.DeprecatedConfigurationValueProvider
2026-06-14T13:26:23.154+02:00 DEBUG 26844 --- [GFT Technical Test] [           main] liquibase.servicelocator                 : Loaded liquibase.configuration.ConfigurationValueProvider instance liquibase.configuration.core.SystemPropertyValueProvider
2026-06-14T13:26:23.155+02:00 DEBUG 26844 --- [GFT Technical Test] [           main] liquibase.servicelocator                 : Loaded liquibase.configuration.ConfigurationValueProvider instance liquibase.configuration.core.ScopeValueProvider
2026-06-14T13:26:23.156+02:00 DEBUG 26844 --- [GFT Technical Test] [           main] liquibase.servicelocator                 : Loaded liquibase.configuration.ConfigurationValueProvider instance liquibase.configuration.core.EnvironmentValueProvider
2026-06-14T13:26:23.160+02:00 DEBUG 26844 --- [GFT Technical Test] [           main] liquibase.servicelocator                 : Loaded liquibase.logging.LogService instance liquibase.logging.core.BufferedLogService
2026-06-14T13:26:23.161+02:00 DEBUG 26844 --- [GFT Technical Test] [           main] liquibase.servicelocator                 : Loaded liquibase.logging.LogService instance liquibase.logging.core.CompositeLogService
2026-06-14T13:26:23.161+02:00 DEBUG 26844 --- [GFT Technical Test] [           main] liquibase.servicelocator                 : Loaded liquibase.logging.LogService instance liquibase.logging.core.JavaLogService
2026-06-14T13:26:23.163+02:00 DEBUG 26844 --- [GFT Technical Test] [           main] liquibase.servicelocator                 : Loaded liquibase.servicelocator.ServiceLocator instance liquibase.servicelocator.StandardServiceLocator
2026-06-14T13:26:23.183+02:00 DEBUG 26844 --- [GFT Technical Test] [           main] liquibase.configuration                  : No configuration value for liquibase.shouldRun aka should.run found
2026-06-14T13:26:23.184+02:00 DEBUG 26844 --- [GFT Technical Test] [           main] liquibase.configuration                  : Configuration liquibase.shouldRun is using the default value of true
2026-06-14T13:26:23.195+02:00 DEBUG 26844 --- [GFT Technical Test] [           main] liquibase.servicelocator                 : Loaded liquibase.database.jvm.ConnectionPatterns instance liquibase.database.jvm.JdbcConnectionPatterns
2026-06-14T13:26:23.205+02:00 DEBUG 26844 --- [GFT Technical Test] [           main] liquibase.servicelocator                 : Loaded liquibase.database.Database instance liquibase.database.core.CockroachDatabase
2026-06-14T13:26:23.207+02:00 DEBUG 26844 --- [GFT Technical Test] [           main] liquibase.servicelocator                 : Loaded liquibase.database.Database instance liquibase.database.core.DB2Database
2026-06-14T13:26:23.207+02:00 DEBUG 26844 --- [GFT Technical Test] [           main] liquibase.servicelocator                 : Loaded liquibase.database.Database instance liquibase.database.core.Db2zDatabase
2026-06-14T13:26:23.209+02:00 DEBUG 26844 --- [GFT Technical Test] [           main] liquibase.servicelocator                 : Loaded liquibase.database.Database instance liquibase.database.core.DerbyDatabase
2026-06-14T13:26:23.209+02:00 DEBUG 26844 --- [GFT Technical Test] [           main] liquibase.servicelocator                 : Loaded liquibase.database.Database instance liquibase.database.core.EnterpriseDBDatabase
2026-06-14T13:26:23.210+02:00 DEBUG 26844 --- [GFT Technical Test] [           main] liquibase.servicelocator                 : Loaded liquibase.database.Database instance liquibase.database.core.FirebirdDatabase
2026-06-14T13:26:23.212+02:00 DEBUG 26844 --- [GFT Technical Test] [           main] liquibase.servicelocator                 : Loaded liquibase.database.Database instance liquibase.database.core.H2Database
2026-06-14T13:26:23.214+02:00 DEBUG 26844 --- [GFT Technical Test] [           main] liquibase.servicelocator                 : Loaded liquibase.database.Database instance liquibase.database.core.HsqlDatabase
2026-06-14T13:26:23.215+02:00 DEBUG 26844 --- [GFT Technical Test] [           main] liquibase.servicelocator                 : Loaded liquibase.database.Database instance liquibase.database.core.InformixDatabase
2026-06-14T13:26:23.216+02:00 DEBUG 26844 --- [GFT Technical Test] [           main] liquibase.servicelocator                 : Loaded liquibase.database.Database instance liquibase.database.core.Ingres9Database
2026-06-14T13:26:23.218+02:00 DEBUG 26844 --- [GFT Technical Test] [           main] liquibase.servicelocator                 : Loaded liquibase.database.Database instance liquibase.database.core.MSSQLDatabase
2026-06-14T13:26:23.221+02:00 DEBUG 26844 --- [GFT Technical Test] [           main] liquibase.servicelocator                 : Loaded liquibase.database.Database instance liquibase.database.core.MariaDBDatabase
2026-06-14T13:26:23.223+02:00 DEBUG 26844 --- [GFT Technical Test] [           main] liquibase.servicelocator                 : Loaded liquibase.database.Database instance liquibase.database.core.MockDatabase
2026-06-14T13:26:23.224+02:00 DEBUG 26844 --- [GFT Technical Test] [           main] liquibase.servicelocator                 : Loaded liquibase.database.Database instance liquibase.database.core.MySQLDatabase
2026-06-14T13:26:23.225+02:00 DEBUG 26844 --- [GFT Technical Test] [           main] liquibase.servicelocator                 : Loaded liquibase.database.Database instance liquibase.database.core.OracleDatabase
2026-06-14T13:26:23.225+02:00 DEBUG 26844 --- [GFT Technical Test] [           main] liquibase.servicelocator                 : Loaded liquibase.database.Database instance liquibase.database.core.PostgresDatabase
2026-06-14T13:26:23.227+02:00 DEBUG 26844 --- [GFT Technical Test] [           main] liquibase.servicelocator                 : Loaded liquibase.database.Database instance liquibase.database.core.SQLiteDatabase
2026-06-14T13:26:23.228+02:00 DEBUG 26844 --- [GFT Technical Test] [           main] liquibase.servicelocator                 : Loaded liquibase.database.Database instance liquibase.database.core.SybaseASADatabase
2026-06-14T13:26:23.229+02:00 DEBUG 26844 --- [GFT Technical Test] [           main] liquibase.servicelocator                 : Loaded liquibase.database.Database instance liquibase.database.core.SybaseDatabase
2026-06-14T13:26:23.230+02:00 DEBUG 26844 --- [GFT Technical Test] [           main] liquibase.servicelocator                 : Loaded liquibase.database.Database instance liquibase.database.core.UnsupportedDatabase
2026-06-14T13:26:23.232+02:00 DEBUG 26844 --- [GFT Technical Test] [           main] liquibase.servicelocator                 : Loaded liquibase.database.Database instance liquibase.database.core.SnowflakeDatabase
2026-06-14T13:26:23.256+02:00 DEBUG 26844 --- [GFT Technical Test] [           main] liquibase.database                       : Connected to SA@jdbc:h2:mem:pricesdb
2026-06-14T13:26:23.256+02:00 DEBUG 26844 --- [GFT Technical Test] [           main] liquibase.database                       : Setting auto commit to false from true
2026-06-14T13:26:23.265+02:00  INFO 26844 --- [GFT Technical Test] [           main] liquibase.database                       : Set default schema name to PUBLIC
2026-06-14T13:26:23.266+02:00 DEBUG 26844 --- [GFT Technical Test] [           main] liquibase.configuration                  : No configuration value for liquibase.liquibaseSchemaName aka liquibase.schemaName found
2026-06-14T13:26:23.268+02:00 DEBUG 26844 --- [GFT Technical Test] [           main] liquibase.configuration                  : No configuration value for liquibase.supportPropertyEscaping aka enableEscaping found
2026-06-14T13:26:23.268+02:00 DEBUG 26844 --- [GFT Technical Test] [           main] liquibase.configuration                  : Configuration liquibase.supportPropertyEscaping is using the default value of false
2026-06-14T13:26:23.286+02:00 DEBUG 26844 --- [GFT Technical Test] [           main] liquibase.servicelocator                 : Loaded liquibase.command.CommandStep instance liquibase.command.core.ChangelogSyncCommandStep
2026-06-14T13:26:23.288+02:00 DEBUG 26844 --- [GFT Technical Test] [           main] liquibase.servicelocator                 : Loaded liquibase.command.CommandStep instance liquibase.command.core.LpmCommandStep
2026-06-14T13:26:23.290+02:00 DEBUG 26844 --- [GFT Technical Test] [           main] liquibase.servicelocator                 : Loaded liquibase.command.CommandStep instance liquibase.command.core.CalculateChecksumCommandStep
2026-06-14T13:26:23.292+02:00 DEBUG 26844 --- [GFT Technical Test] [           main] liquibase.servicelocator                 : Loaded liquibase.command.CommandStep instance liquibase.command.core.FutureRollbackSqlCommandStep
2026-06-14T13:26:23.293+02:00 DEBUG 26844 --- [GFT Technical Test] [           main] liquibase.servicelocator                 : Loaded liquibase.command.CommandStep instance liquibase.command.core.ChangelogSyncSqlCommandStep
2026-06-14T13:26:23.295+02:00 DEBUG 26844 --- [GFT Technical Test] [           main] liquibase.servicelocator                 : Loaded liquibase.command.CommandStep instance liquibase.command.core.init.InitCopyCommandStep
2026-06-14T13:26:23.300+02:00 DEBUG 26844 --- [GFT Technical Test] [           main] liquibase.servicelocator                 : Loaded liquibase.command.CommandStep instance liquibase.command.core.init.InitProjectCommandStep
2026-06-14T13:26:23.305+02:00 DEBUG 26844 --- [GFT Technical Test] [           main] liquibase.servicelocator                 : Loaded liquibase.command.CommandStep instance liquibase.command.core.GenerateChangelogCommandStep
2026-06-14T13:26:23.308+02:00 DEBUG 26844 --- [GFT Technical Test] [           main] liquibase.servicelocator                 : Loaded liquibase.command.CommandStep instance liquibase.command.core.RollbackCommandStep
2026-06-14T13:26:23.309+02:00 DEBUG 26844 --- [GFT Technical Test] [           main] liquibase.servicelocator                 : Loaded liquibase.command.CommandStep instance liquibase.command.core.TagCommandStep
2026-06-14T13:26:23.309+02:00 DEBUG 26844 --- [GFT Technical Test] [           main] liquibase.servicelocator                 : Loaded liquibase.command.CommandStep instance liquibase.command.core.ValidateCommandStep
2026-06-14T13:26:23.310+02:00 DEBUG 26844 --- [GFT Technical Test] [           main] liquibase.servicelocator                 : Loaded liquibase.command.CommandStep instance liquibase.command.core.UnexpectedChangesetsCommandStep
2026-06-14T13:26:23.311+02:00 DEBUG 26844 --- [GFT Technical Test] [           main] liquibase.servicelocator                 : Loaded liquibase.command.CommandStep instance liquibase.command.core.helpers.DbUrlConnectionArgumentsCommandStep
2026-06-14T13:26:23.312+02:00 DEBUG 26844 --- [GFT Technical Test] [           main] liquibase.servicelocator                 : Loaded liquibase.command.CommandStep instance liquibase.command.core.helpers.ReferenceDbUrlConnectionCommandStep
2026-06-14T13:26:23.314+02:00 DEBUG 26844 --- [GFT Technical Test] [           main] liquibase.servicelocator                 : Loaded liquibase.command.CommandStep instance liquibase.command.core.helpers.DatabaseChangelogCommandStep
2026-06-14T13:26:23.317+02:00 DEBUG 26844 --- [GFT Technical Test] [           main] liquibase.servicelocator                 : Loaded liquibase.command.CommandStep instance liquibase.command.core.helpers.DiffOutputControlCommandStep
2026-06-14T13:26:23.318+02:00 DEBUG 26844 --- [GFT Technical Test] [           main] liquibase.servicelocator                 : Loaded liquibase.command.CommandStep instance liquibase.command.core.helpers.ReferenceDatabaseOutputWriterCommandStep
2026-06-14T13:26:23.320+02:00 DEBUG 26844 --- [GFT Technical Test] [           main] liquibase.servicelocator                 : Loaded liquibase.command.CommandStep instance liquibase.command.core.helpers.DbUrlConnectionCommandStep
2026-06-14T13:26:23.321+02:00 DEBUG 26844 --- [GFT Technical Test] [           main] liquibase.servicelocator                 : Loaded liquibase.command.CommandStep instance liquibase.command.core.helpers.ShowSummaryArgument
2026-06-14T13:26:23.322+02:00 DEBUG 26844 --- [GFT Technical Test] [           main] liquibase.servicelocator                 : Loaded liquibase.command.CommandStep instance liquibase.command.core.helpers.LockServiceCommandStep
2026-06-14T13:26:23.324+02:00 DEBUG 26844 --- [GFT Technical Test] [           main] liquibase.servicelocator                 : Loaded liquibase.command.CommandStep instance liquibase.command.core.helpers.PreCompareCommandStep
2026-06-14T13:26:23.325+02:00 DEBUG 26844 --- [GFT Technical Test] [           main] liquibase.servicelocator                 : Loaded liquibase.command.CommandStep instance liquibase.command.core.helpers.ChangeExecListenerCommandStep
2026-06-14T13:26:23.325+02:00 DEBUG 26844 --- [GFT Technical Test] [           main] liquibase.servicelocator                 : Loaded liquibase.command.CommandStep instance liquibase.command.core.helpers.OutputWriterCommandStep
2026-06-14T13:26:23.326+02:00 DEBUG 26844 --- [GFT Technical Test] [           main] liquibase.servicelocator                 : Loaded liquibase.command.CommandStep instance liquibase.command.core.helpers.DiffArgumentsCommandStep
2026-06-14T13:26:23.327+02:00 DEBUG 26844 --- [GFT Technical Test] [           main] liquibase.servicelocator                 : Loaded liquibase.command.CommandStep instance liquibase.command.core.StatusCommandStep
2026-06-14T13:26:23.328+02:00 DEBUG 26844 --- [GFT Technical Test] [           main] liquibase.servicelocator                 : Loaded liquibase.command.CommandStep instance liquibase.command.core.ChangelogSyncToTagSqlCommandStep
2026-06-14T13:26:23.329+02:00 DEBUG 26844 --- [GFT Technical Test] [           main] liquibase.servicelocator                 : Loaded liquibase.command.CommandStep instance liquibase.command.core.MarkNextChangesetRanSqlCommandStep
2026-06-14T13:26:23.330+02:00 DEBUG 26844 --- [GFT Technical Test] [           main] liquibase.servicelocator                 : Loaded liquibase.command.CommandStep instance liquibase.command.core.UpdateCountCommandStep
2026-06-14T13:26:23.331+02:00 DEBUG 26844 --- [GFT Technical Test] [           main] liquibase.servicelocator                 : Loaded liquibase.command.CommandStep instance liquibase.command.core.UpdateTestingRollbackCommandStep
2026-06-14T13:26:23.331+02:00 DEBUG 26844 --- [GFT Technical Test] [           main] liquibase.servicelocator                 : Loaded liquibase.command.CommandStep instance liquibase.command.core.UpdateCountSqlCommandStep
2026-06-14T13:26:23.334+02:00 DEBUG 26844 --- [GFT Technical Test] [           main] liquibase.servicelocator                 : Loaded liquibase.command.CommandStep instance liquibase.command.core.DiffCommandStep
2026-06-14T13:26:23.335+02:00 DEBUG 26844 --- [GFT Technical Test] [           main] liquibase.servicelocator                 : Loaded liquibase.command.CommandStep instance liquibase.command.core.UpdateToTagCommandStep
2026-06-14T13:26:23.336+02:00 DEBUG 26844 --- [GFT Technical Test] [           main] liquibase.servicelocator                 : Loaded liquibase.command.CommandStep instance liquibase.command.core.ListLocksCommandStep
2026-06-14T13:26:23.337+02:00 DEBUG 26844 --- [GFT Technical Test] [           main] liquibase.servicelocator                 : Loaded liquibase.command.CommandStep instance liquibase.command.core.SnapshotCommandStep
2026-06-14T13:26:23.339+02:00 DEBUG 26844 --- [GFT Technical Test] [           main] liquibase.servicelocator                 : Loaded liquibase.command.CommandStep instance liquibase.command.core.HistoryCommandStep
2026-06-14T13:26:23.340+02:00 DEBUG 26844 --- [GFT Technical Test] [           main] liquibase.servicelocator                 : Loaded liquibase.command.CommandStep instance liquibase.command.core.UpdateSqlCommandStep
2026-06-14T13:26:23.341+02:00 DEBUG 26844 --- [GFT Technical Test] [           main] liquibase.servicelocator                 : Loaded liquibase.command.CommandStep instance liquibase.command.core.DropAllCommandStep
2026-06-14T13:26:23.342+02:00 DEBUG 26844 --- [GFT Technical Test] [           main] liquibase.servicelocator                 : Loaded liquibase.command.CommandStep instance liquibase.command.core.DiffChangelogCommandStep
2026-06-14T13:26:23.343+02:00 DEBUG 26844 --- [GFT Technical Test] [           main] liquibase.servicelocator                 : Loaded liquibase.command.CommandStep instance liquibase.command.core.RollbackCountSqlCommandStep
2026-06-14T13:26:23.344+02:00 DEBUG 26844 --- [GFT Technical Test] [           main] liquibase.servicelocator                 : Loaded liquibase.command.CommandStep instance liquibase.command.core.FutureRollbackCountSqlCommandStep
2026-06-14T13:26:23.344+02:00 DEBUG 26844 --- [GFT Technical Test] [           main] liquibase.servicelocator                 : Loaded liquibase.command.CommandStep instance liquibase.command.core.MarkNextChangesetRanCommandStep
2026-06-14T13:26:23.344+02:00 DEBUG 26844 --- [GFT Technical Test] [           main] liquibase.servicelocator                 : Loaded liquibase.command.CommandStep instance liquibase.command.core.ClearChecksumsCommandStep
2026-06-14T13:26:23.345+02:00 DEBUG 26844 --- [GFT Technical Test] [           main] liquibase.servicelocator                 : Loaded liquibase.command.CommandStep instance liquibase.command.core.InternalSnapshotCommandStep
2026-06-14T13:26:23.346+02:00 DEBUG 26844 --- [GFT Technical Test] [           main] liquibase.servicelocator                 : Loaded liquibase.command.CommandStep instance liquibase.command.core.RollbackToDateCommandStep
2026-06-14T13:26:23.346+02:00 DEBUG 26844 --- [GFT Technical Test] [           main] liquibase.servicelocator                 : Loaded liquibase.command.CommandStep instance liquibase.command.core.RollbackCountCommandStep
2026-06-14T13:26:23.347+02:00 DEBUG 26844 --- [GFT Technical Test] [           main] liquibase.servicelocator                 : Loaded liquibase.command.CommandStep instance liquibase.command.core.SnapshotReferenceCommandStep
2026-06-14T13:26:23.348+02:00 DEBUG 26844 --- [GFT Technical Test] [           main] liquibase.servicelocator                 : Loaded liquibase.command.CommandStep instance liquibase.command.core.RollbackSqlCommandStep
2026-06-14T13:26:23.349+02:00 DEBUG 26844 --- [GFT Technical Test] [           main] liquibase.servicelocator                 : Loaded liquibase.command.CommandStep instance liquibase.command.core.UpdateToTagSqlCommandStep
2026-06-14T13:26:23.350+02:00 DEBUG 26844 --- [GFT Technical Test] [           main] liquibase.servicelocator                 : Loaded liquibase.command.CommandStep instance liquibase.command.core.RollbackToDateSqlCommandStep
2026-06-14T13:26:23.350+02:00 DEBUG 26844 --- [GFT Technical Test] [           main] liquibase.servicelocator                 : Loaded liquibase.command.CommandStep instance liquibase.command.core.ReleaseLocksCommandStep
2026-06-14T13:26:23.352+02:00 DEBUG 26844 --- [GFT Technical Test] [           main] liquibase.servicelocator                 : Loaded liquibase.command.CommandStep instance liquibase.command.core.ChangelogSyncToTagCommandStep
2026-06-14T13:26:23.352+02:00 DEBUG 26844 --- [GFT Technical Test] [           main] liquibase.servicelocator                 : Loaded liquibase.command.CommandStep instance liquibase.command.core.FutureRollbackFromTagSqlCommandStep
2026-06-14T13:26:23.353+02:00 DEBUG 26844 --- [GFT Technical Test] [           main] liquibase.servicelocator                 : Loaded liquibase.command.CommandStep instance liquibase.command.core.TagExistsCommandStep
2026-06-14T13:26:23.354+02:00 DEBUG 26844 --- [GFT Technical Test] [           main] liquibase.servicelocator                 : Loaded liquibase.command.CommandStep instance liquibase.command.core.StartH2CommandStep
2026-06-14T13:26:23.355+02:00 DEBUG 26844 --- [GFT Technical Test] [           main] liquibase.servicelocator                 : Loaded liquibase.command.CommandStep instance liquibase.command.core.DbDocCommandStep
2026-06-14T13:26:23.357+02:00 DEBUG 26844 --- [GFT Technical Test] [           main] liquibase.servicelocator                 : Loaded liquibase.command.CommandStep instance liquibase.command.core.ExecuteSqlCommandStep
2026-06-14T13:26:23.360+02:00 DEBUG 26844 --- [GFT Technical Test] [           main] liquibase.servicelocator                 : Loaded liquibase.command.CommandStep instance liquibase.command.core.StopH2CommandStep
2026-06-14T13:26:23.361+02:00 DEBUG 26844 --- [GFT Technical Test] [           main] liquibase.servicelocator                 : Loaded liquibase.command.CommandStep instance liquibase.command.core.UpdateCommandStep
2026-06-14T13:26:23.372+02:00 DEBUG 26844 --- [GFT Technical Test] [           main] liquibase.servicelocator                 : Loaded liquibase.logging.mdc.MdcManager instance liquibase.logging.mdc.NoOpMdcManager
2026-06-14T13:26:23.382+02:00 DEBUG 26844 --- [GFT Technical Test] [           main] liquibase.configuration                  : No configuration value for liquibase.strict found
2026-06-14T13:26:23.382+02:00 DEBUG 26844 --- [GFT Technical Test] [           main] liquibase.configuration                  : Configuration liquibase.strict is using the default value of false
2026-06-14T13:26:23.384+02:00 DEBUG 26844 --- [GFT Technical Test] [           main] liquibase.configuration                  : No configuration value for liquibase.command.update.changeExecListener found
2026-06-14T13:26:23.384+02:00 DEBUG 26844 --- [GFT Technical Test] [           main] liquibase.configuration                  : No configuration value for liquibase.command.changeExecListener found
2026-06-14T13:26:23.385+02:00 DEBUG 26844 --- [GFT Technical Test] [           main] liquibase.configuration                  : No configuration value for liquibase.command.update.changeExecListenerClass found
2026-06-14T13:26:23.385+02:00 DEBUG 26844 --- [GFT Technical Test] [           main] liquibase.configuration                  : No configuration value for liquibase.command.changeExecListenerClass found
2026-06-14T13:26:23.386+02:00 DEBUG 26844 --- [GFT Technical Test] [           main] liquibase.configuration                  : No configuration value for liquibase.command.update.changeExecListenerPropertiesFile found
2026-06-14T13:26:23.386+02:00 DEBUG 26844 --- [GFT Technical Test] [           main] liquibase.configuration                  : No configuration value for liquibase.command.changeExecListenerPropertiesFile found
2026-06-14T13:26:23.388+02:00 DEBUG 26844 --- [GFT Technical Test] [           main] liquibase.configuration                  : Found 'liquibase.command.update.changelogFile' configuration of 'classpath:db/changelog/db.changelog-master.xml'
    command argument 'changelogFile' of 'classpath:db/changelog/db.changelog-master.xml'
2026-06-14T13:26:23.389+02:00 DEBUG 26844 --- [GFT Technical Test] [           main] liquibase.configuration                  : Found 'liquibase.command.update.changelogParameters' configuration of 'liquibase.changelog.ChangeLogParameters@7b80be13'
    command argument 'changelogParameters' of 'liquibase.changelog.ChangeLogParameters@7b80be13'
2026-06-14T13:26:23.390+02:00 DEBUG 26844 --- [GFT Technical Test] [           main] liquibase.configuration                  : No configuration value for liquibase.command.update.contextFilter aka liquibase.command.update.contexts found
2026-06-14T13:26:23.390+02:00 DEBUG 26844 --- [GFT Technical Test] [           main] liquibase.configuration                  : No configuration value for liquibase.command.contextFilter aka liquibase.command.contexts found
2026-06-14T13:26:23.391+02:00 DEBUG 26844 --- [GFT Technical Test] [           main] liquibase.configuration                  : Found 'liquibase.command.update.database' configuration of 'SA @ jdbc:h2:mem:pricesdb (Default Schema: PUBLIC)'
    command argument 'database' of 'SA @ jdbc:h2:mem:pricesdb (Default Schema: PUBLIC)'
2026-06-14T13:26:23.392+02:00 DEBUG 26844 --- [GFT Technical Test] [           main] liquibase.configuration                  : No configuration value for liquibase.command.update.databaseChangelog found
2026-06-14T13:26:23.392+02:00 DEBUG 26844 --- [GFT Technical Test] [           main] liquibase.configuration                  : No configuration value for liquibase.command.databaseChangelog found
2026-06-14T13:26:23.392+02:00 DEBUG 26844 --- [GFT Technical Test] [           main] liquibase.configuration                  : No configuration value for liquibase.command.update.defaultCatalogName found
2026-06-14T13:26:23.393+02:00 DEBUG 26844 --- [GFT Technical Test] [           main] liquibase.configuration                  : No configuration value for liquibase.command.defaultCatalogName found
2026-06-14T13:26:23.393+02:00 DEBUG 26844 --- [GFT Technical Test] [           main] liquibase.configuration                  : No configuration value for liquibase.command.update.defaultSchemaName found
2026-06-14T13:26:23.395+02:00 DEBUG 26844 --- [GFT Technical Test] [           main] liquibase.configuration                  : No configuration value for liquibase.command.defaultSchemaName found
2026-06-14T13:26:23.395+02:00 DEBUG 26844 --- [GFT Technical Test] [           main] liquibase.configuration                  : No configuration value for liquibase.command.update.driver found
2026-06-14T13:26:23.396+02:00 DEBUG 26844 --- [GFT Technical Test] [           main] liquibase.configuration                  : No configuration value for liquibase.command.driver found
2026-06-14T13:26:23.396+02:00 DEBUG 26844 --- [GFT Technical Test] [           main] liquibase.configuration                  : No configuration value for liquibase.command.update.driverPropertiesFile found
2026-06-14T13:26:23.397+02:00 DEBUG 26844 --- [GFT Technical Test] [           main] liquibase.configuration                  : No configuration value for liquibase.command.driverPropertiesFile found
2026-06-14T13:26:23.398+02:00 DEBUG 26844 --- [GFT Technical Test] [           main] liquibase.configuration                  : No configuration value for liquibase.command.update.labelFilter aka liquibase.command.update.labels found
2026-06-14T13:26:23.399+02:00 DEBUG 26844 --- [GFT Technical Test] [           main] liquibase.configuration                  : No configuration value for liquibase.command.labelFilter aka liquibase.command.labels found
2026-06-14T13:26:23.400+02:00 DEBUG 26844 --- [GFT Technical Test] [           main] liquibase.configuration                  : No configuration value for liquibase.command.update.password found
2026-06-14T13:26:23.401+02:00 DEBUG 26844 --- [GFT Technical Test] [           main] liquibase.configuration                  : No configuration value for liquibase.command.password found
2026-06-14T13:26:23.402+02:00 DEBUG 26844 --- [GFT Technical Test] [           main] liquibase.configuration                  : No configuration value for liquibase.command.update.showSummary found
2026-06-14T13:26:23.402+02:00 DEBUG 26844 --- [GFT Technical Test] [           main] liquibase.configuration                  : Configuration liquibase.command.update.showSummary is using the default value of SUMMARY
2026-06-14T13:26:23.402+02:00 DEBUG 26844 --- [GFT Technical Test] [           main] liquibase.configuration                  : No configuration value for liquibase.command.showSummary found
2026-06-14T13:26:23.402+02:00 DEBUG 26844 --- [GFT Technical Test] [           main] liquibase.configuration                  : Configuration liquibase.command.showSummary is using the default value of SUMMARY
2026-06-14T13:26:23.403+02:00 DEBUG 26844 --- [GFT Technical Test] [           main] liquibase.configuration                  : Found 'liquibase.command.update.showSummaryOutput' configuration of 'LOG'
    command argument 'showSummaryOutput' of 'LOG'
2026-06-14T13:26:23.403+02:00 DEBUG 26844 --- [GFT Technical Test] [           main] liquibase.configuration                  : No configuration value for liquibase.command.update.skipDatabaseStep found
2026-06-14T13:26:23.403+02:00 DEBUG 26844 --- [GFT Technical Test] [           main] liquibase.configuration                  : Configuration liquibase.command.update.skipDatabaseStep is using the default value of false
2026-06-14T13:26:23.403+02:00 DEBUG 26844 --- [GFT Technical Test] [           main] liquibase.configuration                  : No configuration value for liquibase.command.skipDatabaseStep found
2026-06-14T13:26:23.403+02:00 DEBUG 26844 --- [GFT Technical Test] [           main] liquibase.configuration                  : Configuration liquibase.command.skipDatabaseStep is using the default value of false
2026-06-14T13:26:23.404+02:00 DEBUG 26844 --- [GFT Technical Test] [           main] liquibase.configuration                  : No configuration value for liquibase.command.update.updateNullChecksums found
2026-06-14T13:26:23.404+02:00 DEBUG 26844 --- [GFT Technical Test] [           main] liquibase.configuration                  : Configuration liquibase.command.update.updateNullChecksums is using the default value of false
2026-06-14T13:26:23.404+02:00 DEBUG 26844 --- [GFT Technical Test] [           main] liquibase.configuration                  : No configuration value for liquibase.command.updateNullChecksums found
2026-06-14T13:26:23.405+02:00 DEBUG 26844 --- [GFT Technical Test] [           main] liquibase.configuration                  : Configuration liquibase.command.updateNullChecksums is using the default value of false
2026-06-14T13:26:23.405+02:00 DEBUG 26844 --- [GFT Technical Test] [           main] liquibase.configuration                  : No configuration value for liquibase.command.update.url found
2026-06-14T13:26:23.405+02:00 DEBUG 26844 --- [GFT Technical Test] [           main] liquibase.configuration                  : No configuration value for liquibase.command.url found
2026-06-14T13:26:23.407+02:00 DEBUG 26844 --- [GFT Technical Test] [           main] liquibase.configuration                  : No configuration value for liquibase.command.update.username found
2026-06-14T13:26:23.408+02:00 DEBUG 26844 --- [GFT Technical Test] [           main] liquibase.configuration                  : No configuration value for liquibase.command.username found
2026-06-14T13:26:23.409+02:00 DEBUG 26844 --- [GFT Technical Test] [           main] liquibase.command                        : Pipeline for command 'update: liquibase.command.core.helpers.DbUrlConnectionArgumentsCommandStep then liquibase.command.core.helpers.ShowSummaryArgument then liquibase.command.core.helpers.DbUrlConnectionCommandStep then liquibase.command.core.helpers.DatabaseChangelogCommandStep then liquibase.command.core.helpers.ChangeExecListenerCommandStep then liquibase.command.core.UpdateCommandStep
2026-06-14T13:26:23.410+02:00 DEBUG 26844 --- [GFT Technical Test] [           main] liquibase.configuration                  : No configuration value for liquibase.outputFile found
2026-06-14T13:26:23.410+02:00 DEBUG 26844 --- [GFT Technical Test] [           main] liquibase.configuration                  : No configuration value for liquibase.outputFileEncoding found
2026-06-14T13:26:23.410+02:00 DEBUG 26844 --- [GFT Technical Test] [           main] liquibase.configuration                  : Configuration liquibase.outputFileEncoding is using the default value of UTF-8
2026-06-14T13:26:23.410+02:00 DEBUG 26844 --- [GFT Technical Test] [           main] liquibase.command                        : Writing output with encoding 'UTF-8'
2026-06-14T13:26:23.410+02:00 DEBUG 26844 --- [GFT Technical Test] [           main] liquibase.command                        : Executing internal command dbUrlConnectionArguments
2026-06-14T13:26:23.410+02:00 DEBUG 26844 --- [GFT Technical Test] [           main] liquibase.command                        : Executing internal command showSummary
2026-06-14T13:26:23.411+02:00 DEBUG 26844 --- [GFT Technical Test] [           main] liquibase.configuration                  : Configuration liquibase.command.update.showSummary is using the default value of SUMMARY
2026-06-14T13:26:23.411+02:00 DEBUG 26844 --- [GFT Technical Test] [           main] liquibase.configuration                  : Configuration liquibase.command.showSummary is using the default value of SUMMARY
2026-06-14T13:26:23.411+02:00 DEBUG 26844 --- [GFT Technical Test] [           main] liquibase.command                        : Executing internal command dbUrlConnectionCommandStep
2026-06-14T13:26:23.412+02:00 DEBUG 26844 --- [GFT Technical Test] [           main] liquibase.configuration                  : Configuration liquibase.command.update.skipDatabaseStep is using the default value of false
2026-06-14T13:26:23.413+02:00 DEBUG 26844 --- [GFT Technical Test] [           main] liquibase.configuration                  : Configuration liquibase.command.skipDatabaseStep is using the default value of false
2026-06-14T13:26:23.414+02:00 DEBUG 26844 --- [GFT Technical Test] [           main] liquibase.configuration                  : No configuration value for liquibase.liquibaseCatalogName aka liquibase.catalogName found
2026-06-14T13:26:23.416+02:00 DEBUG 26844 --- [GFT Technical Test] [           main] liquibase.configuration                  : No configuration value for liquibase.license.tracking.enabled aka liquibase.license.utility.enabled found
2026-06-14T13:26:23.416+02:00 DEBUG 26844 --- [GFT Technical Test] [           main] liquibase.configuration                  : Configuration liquibase.license.tracking.enabled is using the default value of false
2026-06-14T13:26:23.416+02:00 DEBUG 26844 --- [GFT Technical Test] [           main] liquibase.command                        : Executing internal command changelogCommandStep
2026-06-14T13:26:23.429+02:00 DEBUG 26844 --- [GFT Technical Test] [           main] liquibase.servicelocator                 : Loaded liquibase.parser.ChangeLogParser instance liquibase.parser.core.formattedsql.FormattedSqlChangeLogParser
2026-06-14T13:26:23.433+02:00 DEBUG 26844 --- [GFT Technical Test] [           main] liquibase.servicelocator                 : Loaded liquibase.parser.ChangeLogParser instance liquibase.parser.core.json.JsonChangeLogParser
2026-06-14T13:26:23.434+02:00 DEBUG 26844 --- [GFT Technical Test] [           main] liquibase.servicelocator                 : Loaded liquibase.parser.ChangeLogParser instance liquibase.parser.core.sql.SqlChangeLogParser
2026-06-14T13:26:23.440+02:00 DEBUG 26844 --- [GFT Technical Test] [           main] liquibase.configuration                  : No configuration value for liquibase.validateXmlChangelogFiles found
2026-06-14T13:26:23.440+02:00 DEBUG 26844 --- [GFT Technical Test] [           main] liquibase.configuration                  : Configuration liquibase.validateXmlChangelogFiles is using the default value of true
2026-06-14T13:26:23.441+02:00 DEBUG 26844 --- [GFT Technical Test] [           main] liquibase.configuration                  : No configuration value for liquibase.secureParsing found
2026-06-14T13:26:23.441+02:00 DEBUG 26844 --- [GFT Technical Test] [           main] liquibase.configuration                  : Configuration liquibase.secureParsing is using the default value of true
2026-06-14T13:26:23.441+02:00 DEBUG 26844 --- [GFT Technical Test] [           main] liquibase.servicelocator                 : Loaded liquibase.parser.ChangeLogParser instance liquibase.parser.core.xml.XMLChangeLogSAXParser
2026-06-14T13:26:23.441+02:00 DEBUG 26844 --- [GFT Technical Test] [           main] liquibase.servicelocator                 : Loaded liquibase.parser.ChangeLogParser instance liquibase.parser.core.yaml.YamlChangeLogParser
2026-06-14T13:26:23.443+02:00 DEBUG 26844 --- [GFT Technical Test] [           main] liquibase.parser                         : Matched file 'classpath:db/changelog/db.changelog-master.xml' to parser 'XMLChangeLogSAXParser'
2026-06-14T13:26:23.486+02:00 DEBUG 26844 --- [GFT Technical Test] [           main] liquibase.servicelocator                 : Loaded liquibase.precondition.Precondition instance liquibase.precondition.CustomPreconditionWrapper
2026-06-14T13:26:23.486+02:00 DEBUG 26844 --- [GFT Technical Test] [           main] liquibase.servicelocator                 : Loaded liquibase.precondition.Precondition instance liquibase.precondition.core.AndPrecondition
2026-06-14T13:26:23.487+02:00 DEBUG 26844 --- [GFT Technical Test] [           main] liquibase.servicelocator                 : Loaded liquibase.precondition.Precondition instance liquibase.precondition.core.ChangeLogPropertyDefinedPrecondition
2026-06-14T13:26:23.488+02:00 DEBUG 26844 --- [GFT Technical Test] [           main] liquibase.servicelocator                 : Loaded liquibase.precondition.Precondition instance liquibase.precondition.core.ChangeSetExecutedPrecondition
2026-06-14T13:26:23.488+02:00 DEBUG 26844 --- [GFT Technical Test] [           main] liquibase.servicelocator                 : Loaded liquibase.precondition.Precondition instance liquibase.precondition.core.ColumnExistsPrecondition
2026-06-14T13:26:23.489+02:00 DEBUG 26844 --- [GFT Technical Test] [           main] liquibase.servicelocator                 : Loaded liquibase.precondition.Precondition instance liquibase.precondition.core.DBMSPrecondition
2026-06-14T13:26:23.490+02:00 DEBUG 26844 --- [GFT Technical Test] [           main] liquibase.servicelocator                 : Loaded liquibase.precondition.Precondition instance liquibase.precondition.core.ForeignKeyExistsPrecondition
2026-06-14T13:26:23.491+02:00 DEBUG 26844 --- [GFT Technical Test] [           main] liquibase.servicelocator                 : Loaded liquibase.precondition.Precondition instance liquibase.precondition.core.IndexExistsPrecondition
2026-06-14T13:26:23.492+02:00 DEBUG 26844 --- [GFT Technical Test] [           main] liquibase.servicelocator                 : Loaded liquibase.precondition.Precondition instance liquibase.precondition.core.NotPrecondition
2026-06-14T13:26:23.493+02:00 DEBUG 26844 --- [GFT Technical Test] [           main] liquibase.servicelocator                 : Loaded liquibase.precondition.Precondition instance liquibase.precondition.core.ObjectQuotingStrategyPrecondition
2026-06-14T13:26:23.494+02:00 DEBUG 26844 --- [GFT Technical Test] [           main] liquibase.servicelocator                 : Loaded liquibase.precondition.Precondition instance liquibase.precondition.core.OrPrecondition
2026-06-14T13:26:23.494+02:00 DEBUG 26844 --- [GFT Technical Test] [           main] liquibase.servicelocator                 : Loaded liquibase.precondition.Precondition instance liquibase.precondition.core.PreconditionContainer
2026-06-14T13:26:23.495+02:00 DEBUG 26844 --- [GFT Technical Test] [           main] liquibase.servicelocator                 : Loaded liquibase.precondition.Precondition instance liquibase.precondition.core.PrimaryKeyExistsPrecondition
2026-06-14T13:26:23.496+02:00 DEBUG 26844 --- [GFT Technical Test] [           main] liquibase.servicelocator                 : Loaded liquibase.precondition.Precondition instance liquibase.precondition.core.RowCountPrecondition
2026-06-14T13:26:23.496+02:00 DEBUG 26844 --- [GFT Technical Test] [           main] liquibase.servicelocator                 : Loaded liquibase.precondition.Precondition instance liquibase.precondition.core.RunningAsPrecondition
2026-06-14T13:26:23.497+02:00 DEBUG 26844 --- [GFT Technical Test] [           main] liquibase.servicelocator                 : Loaded liquibase.precondition.Precondition instance liquibase.precondition.core.SequenceExistsPrecondition
2026-06-14T13:26:23.498+02:00 DEBUG 26844 --- [GFT Technical Test] [           main] liquibase.servicelocator                 : Loaded liquibase.precondition.Precondition instance liquibase.precondition.core.SqlPrecondition
2026-06-14T13:26:23.499+02:00 DEBUG 26844 --- [GFT Technical Test] [           main] liquibase.servicelocator                 : Loaded liquibase.precondition.Precondition instance liquibase.precondition.core.TableExistsPrecondition
2026-06-14T13:26:23.500+02:00 DEBUG 26844 --- [GFT Technical Test] [           main] liquibase.servicelocator                 : Loaded liquibase.precondition.Precondition instance liquibase.precondition.core.TableIsEmptyPrecondition
2026-06-14T13:26:23.501+02:00 DEBUG 26844 --- [GFT Technical Test] [           main] liquibase.servicelocator                 : Loaded liquibase.precondition.Precondition instance liquibase.precondition.core.UniqueConstraintExistsPrecondition
2026-06-14T13:26:23.502+02:00 DEBUG 26844 --- [GFT Technical Test] [           main] liquibase.servicelocator                 : Loaded liquibase.precondition.Precondition instance liquibase.precondition.core.ViewExistsPrecondition
2026-06-14T13:26:23.556+02:00 DEBUG 26844 --- [GFT Technical Test] [           main] liquibase.parser                         : Resolving XML entity name='null', publicId='null', baseURI='null', systemId='https://www.liquibase.org/xml/ns/dbchangelog/dbchangelog-4.23.xsd'
2026-06-14T13:26:23.645+02:00 DEBUG 26844 --- [GFT Technical Test] [           main] liquibase.configuration                  : No configuration value for liquibase.preserveClasspathPrefixInNormalizedPaths found
2026-06-14T13:26:23.645+02:00 DEBUG 26844 --- [GFT Technical Test] [           main] liquibase.configuration                  : Configuration liquibase.preserveClasspathPrefixInNormalizedPaths is using the default value of false
2026-06-14T13:26:23.653+02:00 DEBUG 26844 --- [GFT Technical Test] [           main] liquibase.parser                         : Matched file 'db/changelog/changes/001-create-product-table.xml' to parser 'XMLChangeLogSAXParser'
2026-06-14T13:26:23.655+02:00 DEBUG 26844 --- [GFT Technical Test] [           main] liquibase.parser                         : Resolving XML entity name='null', publicId='null', baseURI='null', systemId='https://www.liquibase.org/xml/ns/dbchangelog/dbchangelog-4.23.xsd'
2026-06-14T13:26:23.743+02:00 DEBUG 26844 --- [GFT Technical Test] [           main] liquibase.servicelocator                 : Loaded liquibase.changeset.ChangeSetService instance liquibase.changeset.StandardChangeSetService
2026-06-14T13:26:23.747+02:00 DEBUG 26844 --- [GFT Technical Test] [           main] liquibase.servicelocator                 : Loaded liquibase.change.Change instance liquibase.change.core.AddAutoIncrementChange
2026-06-14T13:26:23.750+02:00 DEBUG 26844 --- [GFT Technical Test] [           main] liquibase.servicelocator                 : Loaded liquibase.change.Change instance liquibase.change.core.AddColumnChange
2026-06-14T13:26:23.752+02:00 DEBUG 26844 --- [GFT Technical Test] [           main] liquibase.servicelocator                 : Loaded liquibase.change.Change instance liquibase.change.core.AddDefaultValueChange
2026-06-14T13:26:23.754+02:00 DEBUG 26844 --- [GFT Technical Test] [           main] liquibase.servicelocator                 : Loaded liquibase.change.Change instance liquibase.change.core.AddForeignKeyConstraintChange
2026-06-14T13:26:23.755+02:00 DEBUG 26844 --- [GFT Technical Test] [           main] liquibase.servicelocator                 : Loaded liquibase.change.Change instance liquibase.change.core.AddLookupTableChange
2026-06-14T13:26:23.757+02:00 DEBUG 26844 --- [GFT Technical Test] [           main] liquibase.servicelocator                 : Loaded liquibase.change.Change instance liquibase.change.core.AddNotNullConstraintChange
2026-06-14T13:26:23.759+02:00 DEBUG 26844 --- [GFT Technical Test] [           main] liquibase.servicelocator                 : Loaded liquibase.change.Change instance liquibase.change.core.AddPrimaryKeyChange
2026-06-14T13:26:23.760+02:00 DEBUG 26844 --- [GFT Technical Test] [           main] liquibase.servicelocator                 : Loaded liquibase.change.Change instance liquibase.change.core.AddUniqueConstraintChange
2026-06-14T13:26:23.761+02:00 DEBUG 26844 --- [GFT Technical Test] [           main] liquibase.servicelocator                 : Loaded liquibase.change.Change instance liquibase.change.core.AlterSequenceChange
2026-06-14T13:26:23.762+02:00 DEBUG 26844 --- [GFT Technical Test] [           main] liquibase.servicelocator                 : Loaded liquibase.change.Change instance liquibase.change.core.CreateIndexChange
2026-06-14T13:26:23.765+02:00 DEBUG 26844 --- [GFT Technical Test] [           main] liquibase.servicelocator                 : Loaded liquibase.change.Change instance liquibase.change.core.CreateProcedureChange
2026-06-14T13:26:23.766+02:00 DEBUG 26844 --- [GFT Technical Test] [           main] liquibase.servicelocator                 : Loaded liquibase.change.Change instance liquibase.change.core.CreateSequenceChange
2026-06-14T13:26:23.768+02:00 DEBUG 26844 --- [GFT Technical Test] [           main] liquibase.servicelocator                 : Loaded liquibase.change.Change instance liquibase.change.core.CreateTableChange
2026-06-14T13:26:23.769+02:00 DEBUG 26844 --- [GFT Technical Test] [           main] liquibase.servicelocator                 : Loaded liquibase.change.Change instance liquibase.change.core.CreateViewChange
2026-06-14T13:26:23.772+02:00 DEBUG 26844 --- [GFT Technical Test] [           main] liquibase.servicelocator                 : Loaded liquibase.change.Change instance liquibase.change.core.DeleteDataChange
2026-06-14T13:26:23.773+02:00 DEBUG 26844 --- [GFT Technical Test] [           main] liquibase.servicelocator                 : Loaded liquibase.change.Change instance liquibase.change.core.DropAllForeignKeyConstraintsChange
2026-06-14T13:26:23.774+02:00 DEBUG 26844 --- [GFT Technical Test] [           main] liquibase.servicelocator                 : Loaded liquibase.change.Change instance liquibase.change.core.DropColumnChange
2026-06-14T13:26:23.775+02:00 DEBUG 26844 --- [GFT Technical Test] [           main] liquibase.servicelocator                 : Loaded liquibase.change.Change instance liquibase.change.core.DropDefaultValueChange
2026-06-14T13:26:23.775+02:00 DEBUG 26844 --- [GFT Technical Test] [           main] liquibase.servicelocator                 : Loaded liquibase.change.Change instance liquibase.change.core.DropForeignKeyConstraintChange
2026-06-14T13:26:23.777+02:00 DEBUG 26844 --- [GFT Technical Test] [           main] liquibase.servicelocator                 : Loaded liquibase.change.Change instance liquibase.change.core.DropIndexChange
2026-06-14T13:26:23.778+02:00 DEBUG 26844 --- [GFT Technical Test] [           main] liquibase.servicelocator                 : Loaded liquibase.change.Change instance liquibase.change.core.DropNotNullConstraintChange
2026-06-14T13:26:23.779+02:00 DEBUG 26844 --- [GFT Technical Test] [           main] liquibase.servicelocator                 : Loaded liquibase.change.Change instance liquibase.change.core.DropPrimaryKeyChange
2026-06-14T13:26:23.781+02:00 DEBUG 26844 --- [GFT Technical Test] [           main] liquibase.servicelocator                 : Loaded liquibase.change.Change instance liquibase.change.core.DropProcedureChange
2026-06-14T13:26:23.782+02:00 DEBUG 26844 --- [GFT Technical Test] [           main] liquibase.servicelocator                 : Loaded liquibase.change.Change instance liquibase.change.core.DropSequenceChange
2026-06-14T13:26:23.783+02:00 DEBUG 26844 --- [GFT Technical Test] [           main] liquibase.servicelocator                 : Loaded liquibase.change.Change instance liquibase.change.core.DropTableChange
2026-06-14T13:26:23.784+02:00 DEBUG 26844 --- [GFT Technical Test] [           main] liquibase.servicelocator                 : Loaded liquibase.change.Change instance liquibase.change.core.DropUniqueConstraintChange
2026-06-14T13:26:23.785+02:00 DEBUG 26844 --- [GFT Technical Test] [           main] liquibase.servicelocator                 : Loaded liquibase.change.Change instance liquibase.change.core.DropViewChange
2026-06-14T13:26:23.785+02:00 DEBUG 26844 --- [GFT Technical Test] [           main] liquibase.servicelocator                 : Loaded liquibase.change.Change instance liquibase.change.core.EmptyChange
2026-06-14T13:26:23.787+02:00 DEBUG 26844 --- [GFT Technical Test] [           main] liquibase.servicelocator                 : Loaded liquibase.change.Change instance liquibase.change.core.ExecuteShellCommandChange
2026-06-14T13:26:23.789+02:00 DEBUG 26844 --- [GFT Technical Test] [           main] liquibase.servicelocator                 : Loaded liquibase.change.Change instance liquibase.change.core.InsertDataChange
2026-06-14T13:26:23.797+02:00 DEBUG 26844 --- [GFT Technical Test] [           main] liquibase.servicelocator                 : Loaded liquibase.change.Change instance liquibase.change.core.LoadDataChange
2026-06-14T13:26:23.799+02:00 DEBUG 26844 --- [GFT Technical Test] [           main] liquibase.servicelocator                 : Loaded liquibase.change.Change instance liquibase.change.core.LoadUpdateDataChange
2026-06-14T13:26:23.799+02:00 DEBUG 26844 --- [GFT Technical Test] [           main] liquibase.servicelocator                 : Loaded liquibase.change.Change instance liquibase.change.core.MergeColumnChange
2026-06-14T13:26:23.801+02:00 DEBUG 26844 --- [GFT Technical Test] [           main] liquibase.servicelocator                 : Loaded liquibase.change.Change instance liquibase.change.core.ModifyDataTypeChange
2026-06-14T13:26:23.802+02:00 DEBUG 26844 --- [GFT Technical Test] [           main] liquibase.servicelocator                 : Loaded liquibase.change.Change instance liquibase.change.core.OutputChange
2026-06-14T13:26:23.802+02:00 DEBUG 26844 --- [GFT Technical Test] [           main] liquibase.servicelocator                 : Loaded liquibase.change.Change instance liquibase.change.core.RawSQLChange
2026-06-14T13:26:23.803+02:00 DEBUG 26844 --- [GFT Technical Test] [           main] liquibase.servicelocator                 : Loaded liquibase.change.Change instance liquibase.change.core.RenameColumnChange
2026-06-14T13:26:23.804+02:00 DEBUG 26844 --- [GFT Technical Test] [           main] liquibase.servicelocator                 : Loaded liquibase.change.Change instance liquibase.change.core.RenameSequenceChange
2026-06-14T13:26:23.804+02:00 DEBUG 26844 --- [GFT Technical Test] [           main] liquibase.servicelocator                 : Loaded liquibase.change.Change instance liquibase.change.core.RenameTableChange
2026-06-14T13:26:23.805+02:00 DEBUG 26844 --- [GFT Technical Test] [           main] liquibase.servicelocator                 : Loaded liquibase.change.Change instance liquibase.change.core.RenameViewChange
2026-06-14T13:26:23.806+02:00 DEBUG 26844 --- [GFT Technical Test] [           main] liquibase.servicelocator                 : Loaded liquibase.change.Change instance liquibase.change.core.SQLFileChange
2026-06-14T13:26:23.807+02:00 DEBUG 26844 --- [GFT Technical Test] [           main] liquibase.servicelocator                 : Loaded liquibase.change.Change instance liquibase.change.core.SetColumnRemarksChange
2026-06-14T13:26:23.807+02:00 DEBUG 26844 --- [GFT Technical Test] [           main] liquibase.servicelocator                 : Loaded liquibase.change.Change instance liquibase.change.core.SetTableRemarksChange
2026-06-14T13:26:23.808+02:00 DEBUG 26844 --- [GFT Technical Test] [           main] liquibase.servicelocator                 : Loaded liquibase.change.Change instance liquibase.change.core.StopChange
2026-06-14T13:26:23.809+02:00 DEBUG 26844 --- [GFT Technical Test] [           main] liquibase.servicelocator                 : Loaded liquibase.change.Change instance liquibase.change.core.TagDatabaseChange
2026-06-14T13:26:23.810+02:00 DEBUG 26844 --- [GFT Technical Test] [           main] liquibase.servicelocator                 : Loaded liquibase.change.Change instance liquibase.change.core.UpdateDataChange
2026-06-14T13:26:23.813+02:00 DEBUG 26844 --- [GFT Technical Test] [           main] liquibase.servicelocator                 : Loaded liquibase.change.Change instance liquibase.change.custom.CustomChangeWrapper
2026-06-14T13:26:23.990+02:00 DEBUG 26844 --- [GFT Technical Test] [           main] liquibase.servicelocator                 : Loaded liquibase.changelog.ChangeLogHistoryService instance liquibase.changelog.MockChangeLogHistoryService
2026-06-14T13:26:23.993+02:00 DEBUG 26844 --- [GFT Technical Test] [           main] liquibase.servicelocator                 : Loaded liquibase.changelog.ChangeLogHistoryService instance liquibase.changelog.StandardChangeLogHistoryService
2026-06-14T13:26:23.998+02:00 DEBUG 26844 --- [GFT Technical Test] [           main] liquibase.servicelocator                 : Loaded liquibase.snapshot.SnapshotGenerator instance liquibase.snapshot.jvm.CatalogSnapshotGenerator
2026-06-14T13:26:24.001+02:00 DEBUG 26844 --- [GFT Technical Test] [           main] liquibase.servicelocator                 : Loaded liquibase.snapshot.SnapshotGenerator instance liquibase.snapshot.jvm.ColumnSnapshotGenerator
2026-06-14T13:26:24.002+02:00 DEBUG 26844 --- [GFT Technical Test] [           main] liquibase.servicelocator                 : Loaded liquibase.snapshot.SnapshotGenerator instance liquibase.snapshot.jvm.ColumnSnapshotGeneratorH2
2026-06-14T13:26:24.003+02:00 DEBUG 26844 --- [GFT Technical Test] [           main] liquibase.servicelocator                 : Loaded liquibase.snapshot.SnapshotGenerator instance liquibase.snapshot.jvm.ColumnSnapshotGeneratorInformix
2026-06-14T13:26:24.004+02:00 DEBUG 26844 --- [GFT Technical Test] [           main] liquibase.servicelocator                 : Loaded liquibase.snapshot.SnapshotGenerator instance liquibase.snapshot.jvm.ColumnSnapshotGeneratorOracle
2026-06-14T13:26:24.005+02:00 DEBUG 26844 --- [GFT Technical Test] [           main] liquibase.servicelocator                 : Loaded liquibase.snapshot.SnapshotGenerator instance liquibase.snapshot.jvm.DataSnapshotGenerator
2026-06-14T13:26:24.007+02:00 DEBUG 26844 --- [GFT Technical Test] [           main] liquibase.servicelocator                 : Loaded liquibase.snapshot.SnapshotGenerator instance liquibase.snapshot.jvm.ForeignKeySnapshotGenerator
2026-06-14T13:26:24.009+02:00 DEBUG 26844 --- [GFT Technical Test] [           main] liquibase.servicelocator                 : Loaded liquibase.snapshot.SnapshotGenerator instance liquibase.snapshot.jvm.IndexSnapshotGenerator
2026-06-14T13:26:24.011+02:00 DEBUG 26844 --- [GFT Technical Test] [           main] liquibase.servicelocator                 : Loaded liquibase.snapshot.SnapshotGenerator instance liquibase.snapshot.jvm.PrimaryKeySnapshotGenerator
2026-06-14T13:26:24.011+02:00 DEBUG 26844 --- [GFT Technical Test] [           main] liquibase.servicelocator                 : Loaded liquibase.snapshot.SnapshotGenerator instance liquibase.snapshot.jvm.SchemaSnapshotGenerator
2026-06-14T13:26:24.012+02:00 DEBUG 26844 --- [GFT Technical Test] [           main] liquibase.servicelocator                 : Loaded liquibase.snapshot.SnapshotGenerator instance liquibase.snapshot.jvm.SequenceSnapshotGenerator
2026-06-14T13:26:24.013+02:00 DEBUG 26844 --- [GFT Technical Test] [           main] liquibase.servicelocator                 : Loaded liquibase.snapshot.SnapshotGenerator instance liquibase.snapshot.jvm.TableSnapshotGenerator
2026-06-14T13:26:24.014+02:00 DEBUG 26844 --- [GFT Technical Test] [           main] liquibase.servicelocator                 : Loaded liquibase.snapshot.SnapshotGenerator instance liquibase.snapshot.jvm.UniqueConstraintSnapshotGenerator
2026-06-14T13:26:24.015+02:00 DEBUG 26844 --- [GFT Technical Test] [           main] liquibase.servicelocator                 : Loaded liquibase.snapshot.SnapshotGenerator instance liquibase.snapshot.jvm.ViewSnapshotGenerator
2026-06-14T13:26:24.016+02:00 DEBUG 26844 --- [GFT Technical Test] [           main] liquibase.servicelocator                 : Loaded liquibase.snapshot.SnapshotGenerator instance liquibase.snapshot.jvm.SchemaSnapshotGeneratorSnowflake
2026-06-14T13:26:24.016+02:00 DEBUG 26844 --- [GFT Technical Test] [           main] liquibase.servicelocator                 : Loaded liquibase.snapshot.SnapshotGenerator instance liquibase.snapshot.jvm.SequenceSnapshotGeneratorSnowflake
2026-06-14T13:26:24.016+02:00 DEBUG 26844 --- [GFT Technical Test] [           main] liquibase.servicelocator                 : Loaded liquibase.snapshot.SnapshotGenerator instance liquibase.snapshot.jvm.UniqueConstraintSnapshotGeneratorSnowflake
2026-06-14T13:26:24.017+02:00 DEBUG 26844 --- [GFT Technical Test] [           main] liquibase.configuration                  : No configuration value for liquibase.supportsMethodValidationLevel found
2026-06-14T13:26:24.017+02:00 DEBUG 26844 --- [GFT Technical Test] [           main] liquibase.configuration                  : Configuration liquibase.supportsMethodValidationLevel is using the default value of WARN
2026-06-14T13:26:24.024+02:00 DEBUG 26844 --- [GFT Technical Test] [           main] liquibase.util                           : Computed checksum for 1781436384022 as 291090f698b526d06eaf0f211e4fdf0e
2026-06-14T13:26:24.029+02:00 DEBUG 26844 --- [GFT Technical Test] [           main] liquibase.configuration                  : No configuration value for liquibase.preserveSchemaCase found
2026-06-14T13:26:24.029+02:00 DEBUG 26844 --- [GFT Technical Test] [           main] liquibase.configuration                  : Configuration liquibase.preserveSchemaCase is using the default value of false
2026-06-14T13:26:24.040+02:00 DEBUG 26844 --- [GFT Technical Test] [           main] liquibase.servicelocator                 : Loaded liquibase.executor.Executor instance liquibase.executor.jvm.JdbcExecutor
2026-06-14T13:26:24.041+02:00 DEBUG 26844 --- [GFT Technical Test] [           main] liquibase.servicelocator                 : Loaded liquibase.executor.Executor instance liquibase.executor.jvm.SnowflakeJdbcExecutor
2026-06-14T13:26:24.041+02:00 DEBUG 26844 --- [GFT Technical Test] [           main] liquibase.executor                       : Create Database Change Log Table
2026-06-14T13:26:24.041+02:00  INFO 26844 --- [GFT Technical Test] [           main] liquibase.changelog                      : Creating database changelog table with name: PUBLIC.DATABASECHANGELOG
2026-06-14T13:26:24.044+02:00 DEBUG 26844 --- [GFT Technical Test] [           main] liquibase.servicelocator                 : Loaded liquibase.sqlgenerator.SqlGenerator instance liquibase.sqlgenerator.core.AddAutoIncrementGenerator
2026-06-14T13:26:24.045+02:00 DEBUG 26844 --- [GFT Technical Test] [           main] liquibase.servicelocator                 : Loaded liquibase.sqlgenerator.SqlGenerator instance liquibase.sqlgenerator.core.AddAutoIncrementGeneratorDB2
2026-06-14T13:26:24.046+02:00 DEBUG 26844 --- [GFT Technical Test] [           main] liquibase.servicelocator                 : Loaded liquibase.sqlgenerator.SqlGenerator instance liquibase.sqlgenerator.core.AddAutoIncrementGeneratorHsqlH2
2026-06-14T13:26:24.047+02:00 DEBUG 26844 --- [GFT Technical Test] [           main] liquibase.servicelocator                 : Loaded liquibase.sqlgenerator.SqlGenerator instance liquibase.sqlgenerator.core.AddAutoIncrementGeneratorInformix
2026-06-14T13:26:24.048+02:00 DEBUG 26844 --- [GFT Technical Test] [           main] liquibase.servicelocator                 : Loaded liquibase.sqlgenerator.SqlGenerator instance liquibase.sqlgenerator.core.AddAutoIncrementGeneratorMySQL
2026-06-14T13:26:24.048+02:00 DEBUG 26844 --- [GFT Technical Test] [           main] liquibase.servicelocator                 : Loaded liquibase.sqlgenerator.SqlGenerator instance liquibase.sqlgenerator.core.AddAutoIncrementGeneratorSQLite
2026-06-14T13:26:24.050+02:00 DEBUG 26844 --- [GFT Technical Test] [           main] liquibase.servicelocator                 : Loaded liquibase.sqlgenerator.SqlGenerator instance liquibase.sqlgenerator.core.AddColumnGenerator
2026-06-14T13:26:24.051+02:00 DEBUG 26844 --- [GFT Technical Test] [           main] liquibase.servicelocator                 : Loaded liquibase.sqlgenerator.SqlGenerator instance liquibase.sqlgenerator.core.AddColumnGeneratorDefaultClauseBeforeNotNull
2026-06-14T13:26:24.052+02:00 DEBUG 26844 --- [GFT Technical Test] [           main] liquibase.servicelocator                 : Loaded liquibase.sqlgenerator.SqlGenerator instance liquibase.sqlgenerator.core.AddColumnGeneratorSQLite
2026-06-14T13:26:24.052+02:00 DEBUG 26844 --- [GFT Technical Test] [           main] liquibase.servicelocator                 : Loaded liquibase.sqlgenerator.SqlGenerator instance liquibase.sqlgenerator.core.AddDefaultValueGenerator
2026-06-14T13:26:24.053+02:00 DEBUG 26844 --- [GFT Technical Test] [           main] liquibase.servicelocator                 : Loaded liquibase.sqlgenerator.SqlGenerator instance liquibase.sqlgenerator.core.AddDefaultValueGeneratorDerby
2026-06-14T13:26:24.053+02:00 DEBUG 26844 --- [GFT Technical Test] [           main] liquibase.servicelocator                 : Loaded liquibase.sqlgenerator.SqlGenerator instance liquibase.sqlgenerator.core.AddDefaultValueGeneratorHsqldb
2026-06-14T13:26:24.054+02:00 DEBUG 26844 --- [GFT Technical Test] [           main] liquibase.servicelocator                 : Loaded liquibase.sqlgenerator.SqlGenerator instance liquibase.sqlgenerator.core.AddDefaultValueGeneratorInformix
2026-06-14T13:26:24.054+02:00 DEBUG 26844 --- [GFT Technical Test] [           main] liquibase.servicelocator                 : Loaded liquibase.sqlgenerator.SqlGenerator instance liquibase.sqlgenerator.core.AddDefaultValueGeneratorMSSQL
2026-06-14T13:26:24.055+02:00 DEBUG 26844 --- [GFT Technical Test] [           main] liquibase.servicelocator                 : Loaded liquibase.sqlgenerator.SqlGenerator instance liquibase.sqlgenerator.core.AddDefaultValueGeneratorMySQL
2026-06-14T13:26:24.055+02:00 DEBUG 26844 --- [GFT Technical Test] [           main] liquibase.servicelocator                 : Loaded liquibase.sqlgenerator.SqlGenerator instance liquibase.sqlgenerator.core.AddDefaultValueGeneratorOracle
2026-06-14T13:26:24.056+02:00 DEBUG 26844 --- [GFT Technical Test] [           main] liquibase.servicelocator                 : Loaded liquibase.sqlgenerator.SqlGenerator instance liquibase.sqlgenerator.core.AddDefaultValueGeneratorPostgres
2026-06-14T13:26:24.057+02:00 DEBUG 26844 --- [GFT Technical Test] [           main] liquibase.servicelocator                 : Loaded liquibase.sqlgenerator.SqlGenerator instance liquibase.sqlgenerator.core.AddDefaultValueGeneratorSQLite
2026-06-14T13:26:24.057+02:00 DEBUG 26844 --- [GFT Technical Test] [           main] liquibase.servicelocator                 : Loaded liquibase.sqlgenerator.SqlGenerator instance liquibase.sqlgenerator.core.AddDefaultValueGeneratorSybase
2026-06-14T13:26:24.058+02:00 DEBUG 26844 --- [GFT Technical Test] [           main] liquibase.servicelocator                 : Loaded liquibase.sqlgenerator.SqlGenerator instance liquibase.sqlgenerator.core.AddDefaultValueGeneratorSybaseASA
2026-06-14T13:26:24.058+02:00 DEBUG 26844 --- [GFT Technical Test] [           main] liquibase.servicelocator                 : Loaded liquibase.sqlgenerator.SqlGenerator instance liquibase.sqlgenerator.core.AddForeignKeyConstraintGenerator
2026-06-14T13:26:24.059+02:00 DEBUG 26844 --- [GFT Technical Test] [           main] liquibase.servicelocator                 : Loaded liquibase.sqlgenerator.SqlGenerator instance liquibase.sqlgenerator.core.AddPrimaryKeyGenerator
2026-06-14T13:26:24.059+02:00 DEBUG 26844 --- [GFT Technical Test] [           main] liquibase.servicelocator                 : Loaded liquibase.sqlgenerator.SqlGenerator instance liquibase.sqlgenerator.core.AddPrimaryKeyGeneratorInformix
2026-06-14T13:26:24.060+02:00 DEBUG 26844 --- [GFT Technical Test] [           main] liquibase.servicelocator                 : Loaded liquibase.sqlgenerator.SqlGenerator instance liquibase.sqlgenerator.core.AddUniqueConstraintGenerator
2026-06-14T13:26:24.060+02:00 DEBUG 26844 --- [GFT Technical Test] [           main] liquibase.servicelocator                 : Loaded liquibase.sqlgenerator.SqlGenerator instance liquibase.sqlgenerator.core.AddUniqueConstraintGeneratorInformix
2026-06-14T13:26:24.061+02:00 DEBUG 26844 --- [GFT Technical Test] [           main] liquibase.servicelocator                 : Loaded liquibase.sqlgenerator.SqlGenerator instance liquibase.sqlgenerator.core.AddUniqueConstraintGeneratorTDS
2026-06-14T13:26:24.062+02:00 DEBUG 26844 --- [GFT Technical Test] [           main] liquibase.servicelocator                 : Loaded liquibase.sqlgenerator.SqlGenerator instance liquibase.sqlgenerator.core.AlterSequenceGenerator
2026-06-14T13:26:24.063+02:00 DEBUG 26844 --- [GFT Technical Test] [           main] liquibase.servicelocator                 : Loaded liquibase.sqlgenerator.SqlGenerator instance liquibase.sqlgenerator.core.BatchDmlExecutablePreparedStatementGenerator
2026-06-14T13:26:24.063+02:00 DEBUG 26844 --- [GFT Technical Test] [           main] liquibase.servicelocator                 : Loaded liquibase.sqlgenerator.SqlGenerator instance liquibase.sqlgenerator.core.ClearDatabaseChangeLogTableGenerator
2026-06-14T13:26:24.064+02:00 DEBUG 26844 --- [GFT Technical Test] [           main] liquibase.servicelocator                 : Loaded liquibase.sqlgenerator.SqlGenerator instance liquibase.sqlgenerator.core.CommentGenerator
2026-06-14T13:26:24.064+02:00 DEBUG 26844 --- [GFT Technical Test] [           main] liquibase.servicelocator                 : Loaded liquibase.sqlgenerator.SqlGenerator instance liquibase.sqlgenerator.core.CopyRowsGenerator
2026-06-14T13:26:24.065+02:00 DEBUG 26844 --- [GFT Technical Test] [           main] liquibase.servicelocator                 : Loaded liquibase.sqlgenerator.SqlGenerator instance liquibase.sqlgenerator.core.CreateDatabaseChangeLogLockTableGenerator
2026-06-14T13:26:24.065+02:00 DEBUG 26844 --- [GFT Technical Test] [           main] liquibase.servicelocator                 : Loaded liquibase.sqlgenerator.SqlGenerator instance liquibase.sqlgenerator.core.CreateDatabaseChangeLogTableGenerator
2026-06-14T13:26:24.066+02:00 DEBUG 26844 --- [GFT Technical Test] [           main] liquibase.servicelocator                 : Loaded liquibase.sqlgenerator.SqlGenerator instance liquibase.sqlgenerator.core.CreateDatabaseChangeLogTableGeneratorSybase
2026-06-14T13:26:24.067+02:00 DEBUG 26844 --- [GFT Technical Test] [           main] liquibase.servicelocator                 : Loaded liquibase.sqlgenerator.SqlGenerator instance liquibase.sqlgenerator.core.CreateIndexGenerator
2026-06-14T13:26:24.067+02:00 DEBUG 26844 --- [GFT Technical Test] [           main] liquibase.servicelocator                 : Loaded liquibase.sqlgenerator.SqlGenerator instance liquibase.sqlgenerator.core.CreateIndexGeneratorFirebird
2026-06-14T13:26:24.068+02:00 DEBUG 26844 --- [GFT Technical Test] [           main] liquibase.servicelocator                 : Loaded liquibase.sqlgenerator.SqlGenerator instance liquibase.sqlgenerator.core.CreateIndexGeneratorPostgres
2026-06-14T13:26:24.069+02:00 DEBUG 26844 --- [GFT Technical Test] [           main] liquibase.servicelocator                 : Loaded liquibase.sqlgenerator.SqlGenerator instance liquibase.sqlgenerator.core.CreateProcedureGenerator
2026-06-14T13:26:24.070+02:00 DEBUG 26844 --- [GFT Technical Test] [           main] liquibase.servicelocator                 : Loaded liquibase.sqlgenerator.SqlGenerator instance liquibase.sqlgenerator.core.CreateSequenceGenerator
2026-06-14T13:26:24.071+02:00 DEBUG 26844 --- [GFT Technical Test] [           main] liquibase.servicelocator                 : Loaded liquibase.sqlgenerator.SqlGenerator instance liquibase.sqlgenerator.core.CreateTableGenerator
2026-06-14T13:26:24.071+02:00 DEBUG 26844 --- [GFT Technical Test] [           main] liquibase.servicelocator                 : Loaded liquibase.sqlgenerator.SqlGenerator instance liquibase.sqlgenerator.core.CreateTableGeneratorInformix
2026-06-14T13:26:24.072+02:00 DEBUG 26844 --- [GFT Technical Test] [           main] liquibase.servicelocator                 : Loaded liquibase.sqlgenerator.SqlGenerator instance liquibase.sqlgenerator.core.CreateViewGenerator
2026-06-14T13:26:24.072+02:00 DEBUG 26844 --- [GFT Technical Test] [           main] liquibase.servicelocator                 : Loaded liquibase.sqlgenerator.SqlGenerator instance liquibase.sqlgenerator.core.CreateViewGeneratorInformix
2026-06-14T13:26:24.073+02:00 DEBUG 26844 --- [GFT Technical Test] [           main] liquibase.servicelocator                 : Loaded liquibase.sqlgenerator.SqlGenerator instance liquibase.sqlgenerator.core.DeleteGenerator
2026-06-14T13:26:24.074+02:00 DEBUG 26844 --- [GFT Technical Test] [           main] liquibase.servicelocator                 : Loaded liquibase.sqlgenerator.SqlGenerator instance liquibase.sqlgenerator.core.DropColumnGenerator
2026-06-14T13:26:24.075+02:00 DEBUG 26844 --- [GFT Technical Test] [           main] liquibase.servicelocator                 : Loaded liquibase.sqlgenerator.SqlGenerator instance liquibase.sqlgenerator.core.DropDefaultValueGenerator
2026-06-14T13:26:24.075+02:00 DEBUG 26844 --- [GFT Technical Test] [           main] liquibase.servicelocator                 : Loaded liquibase.sqlgenerator.SqlGenerator instance liquibase.sqlgenerator.core.DropForeignKeyConstraintGenerator
2026-06-14T13:26:24.082+02:00 DEBUG 26844 --- [GFT Technical Test] [           main] liquibase.servicelocator                 : Loaded liquibase.sqlgenerator.SqlGenerator instance liquibase.sqlgenerator.core.DropIndexGenerator
2026-06-14T13:26:24.083+02:00 DEBUG 26844 --- [GFT Technical Test] [           main] liquibase.servicelocator                 : Loaded liquibase.sqlgenerator.SqlGenerator instance liquibase.sqlgenerator.core.DropPrimaryKeyGenerator
2026-06-14T13:26:24.083+02:00 DEBUG 26844 --- [GFT Technical Test] [           main] liquibase.servicelocator                 : Loaded liquibase.sqlgenerator.SqlGenerator instance liquibase.sqlgenerator.core.DropProcedureGenerator
[...]
    columns=[
        [
            name="brand_id"
            valueNumeric="1"
        ],
        [
            name="product_id"
            valueNumeric="35455"
        ],
        [
            name="price_list"
            valueNumeric="4"
        ],
        [
            name="start_date"
            valueComputed="TIMESTAMP WITH TIME ZONE '2020-06-15 16:00:00+00:00'"
        ],
        [
            name="end_date"
            valueComputed="TIMESTAMP WITH TIME ZONE '2020-12-31 2... [truncated in log] as f8cc3826c69b0fcc4888594eb3a0f5dc
2026-06-14T13:26:24.828+02:00 DEBUG 26844 --- [GFT Technical Test] [           main] liquibase.util                           : Computed checksum for insert:[
    columns=[
        [
            name="brand_id"
            valueNumeric="2"
        ],
        [
            name="product_id"
            valueNumeric="354"
        ],
        [
            name="price_list"
            valueNumeric="4"
        ],
        [
            name="start_date"
            valueComputed="TIMESTAMP WITH TIME ZONE '2020-06-15 16:00:00+00:00'"
        ],
        [
            name="end_date"
            valueComputed="TIMESTAMP WITH TIME ZONE '2020-12-31 23:... [truncated in log] as 9050de3edc0dc649b66eaaddee3839d1
2026-06-14T13:26:24.829+02:00 DEBUG 26844 --- [GFT Technical Test] [           main] liquibase.util                           : Computed checksum for insert:[
    columns=[
        [
            name="brand_id"
            valueNumeric="2"
        ],
        [
            name="product_id"
            valueNumeric="354"
        ],
        [
            name="price_list"
            valueNumeric="4"
        ],
        [
            name="start_date"
            valueComputed="TIMESTAMP WITH TIME ZONE '2020-11-15 16:00:00+00:00'"
        ],
        [
            name="end_date"
            valueComputed="TIMESTAMP WITH TIME ZONE '2020-12-31 23:... [truncated in log] as 0220bc18fbdc4910cab9e1166afa59fc
2026-06-14T13:26:24.829+02:00 DEBUG 26844 --- [GFT Technical Test] [           main] liquibase.util                           : Computed checksum for 9:f8a9b3908c324121bc812142da0472e7:9:0a44c344b4d0538107ad413c13c3e28e:9:99a87a7219956a7c1b5910642fb78c94:9:f8cc3826c69b0fcc4888594eb3a0f5dc:9:9050de3edc0dc649b66eaaddee3839d1:9:0220bc18fbdc4910cab9e1166afa59fc: as 19f64052e4a756c6c19c9a061ab43494
2026-06-14T13:26:24.829+02:00  INFO 26844 --- [GFT Technical Test] [           main] liquibase.ui                             : Running Changeset: db/changelog/changes/006-insert-price-data.xml::004-insert-price-data::codex
2026-06-14T13:26:24.829+02:00 DEBUG 26844 --- [GFT Technical Test] [           main] liquibase.changelog                      : Running Changeset: db/changelog/changes/006-insert-price-data.xml::004-insert-price-data::codex
2026-06-14T13:26:24.829+02:00 DEBUG 26844 --- [GFT Technical Test] [           main] liquibase.executor                       : Changeset db/changelog/changes/006-insert-price-data.xml::004-insert-price-data::codex
2026-06-14T13:26:24.829+02:00 DEBUG 26844 --- [GFT Technical Test] [           main] liquibase.changelog                      : Reading ChangeSet: db/changelog/changes/006-insert-price-data.xml::004-insert-price-data::codex
2026-06-14T13:26:24.830+02:00 DEBUG 26844 --- [GFT Technical Test] [           main] liquibase.executor                       : Executing Statement: 
liquibase.statement.core.InsertStatement@5aa2168f
2026-06-14T13:26:24.830+02:00 DEBUG 26844 --- [GFT Technical Test] [           main] liquibase.executor                       : 
INSERT INTO PUBLIC.prices (brand_id, product_id, price_list, start_date, end_date, priority, price, curr) VALUES (1, 35455, 1, TIMESTAMP WITH TIME ZONE '2020-06-14 00:00:00+00:00', TIMESTAMP WITH TIME ZONE '2020-12-31 23:59:59+00:00', 0, 35.50, 'EUR')
2026-06-14T13:26:24.832+02:00 DEBUG 26844 --- [GFT Technical Test] [           main] liquibase.executor                       : 1 row(s) affected
2026-06-14T13:26:24.832+02:00  INFO 26844 --- [GFT Technical Test] [           main] liquibase.changelog                      : New row inserted into prices
2026-06-14T13:26:24.833+02:00 DEBUG 26844 --- [GFT Technical Test] [           main] liquibase.executor                       : Executing Statement: 
liquibase.statement.core.InsertStatement@45bf64f7
2026-06-14T13:26:24.833+02:00 DEBUG 26844 --- [GFT Technical Test] [           main] liquibase.executor                       : 
INSERT INTO PUBLIC.prices (brand_id, product_id, price_list, start_date, end_date, priority, price, curr) VALUES (1, 35455, 2, TIMESTAMP WITH TIME ZONE '2020-06-14 15:00:00+00:00', TIMESTAMP WITH TIME ZONE '2020-06-14 18:30:00+00:00', 1, 25.45, 'EUR')
2026-06-14T13:26:24.834+02:00 DEBUG 26844 --- [GFT Technical Test] [           main] liquibase.executor                       : 1 row(s) affected
2026-06-14T13:26:24.834+02:00  INFO 26844 --- [GFT Technical Test] [           main] liquibase.changelog                      : New row inserted into prices
2026-06-14T13:26:24.834+02:00 DEBUG 26844 --- [GFT Technical Test] [           main] liquibase.executor                       : Executing Statement: 
liquibase.statement.core.InsertStatement@5b859845
2026-06-14T13:26:24.835+02:00 DEBUG 26844 --- [GFT Technical Test] [           main] liquibase.executor                       : 
INSERT INTO PUBLIC.prices (brand_id, product_id, price_list, start_date, end_date, priority, price, curr) VALUES (1, 35455, 3, TIMESTAMP WITH TIME ZONE '2020-06-15 00:00:00+00:00', TIMESTAMP WITH TIME ZONE '2020-06-15 11:00:00+00:00', 1, 30.50, 'EUR')
2026-06-14T13:26:24.835+02:00 DEBUG 26844 --- [GFT Technical Test] [           main] liquibase.executor                       : 1 row(s) affected
2026-06-14T13:26:24.835+02:00  INFO 26844 --- [GFT Technical Test] [           main] liquibase.changelog                      : New row inserted into prices
2026-06-14T13:26:24.836+02:00 DEBUG 26844 --- [GFT Technical Test] [           main] liquibase.executor                       : Executing Statement: 
liquibase.statement.core.InsertStatement@6c84e4ec
2026-06-14T13:26:24.836+02:00 DEBUG 26844 --- [GFT Technical Test] [           main] liquibase.executor                       : 
INSERT INTO PUBLIC.prices (brand_id, product_id, price_list, start_date, end_date, priority, price, curr) VALUES (1, 35455, 4, TIMESTAMP WITH TIME ZONE '2020-06-15 16:00:00+00:00', TIMESTAMP WITH TIME ZONE '2020-12-31 23:59:59+00:00', 1, 38.95, 'EUR')
2026-06-14T13:26:24.837+02:00 DEBUG 26844 --- [GFT Technical Test] [           main] liquibase.executor                       : 1 row(s) affected
2026-06-14T13:26:24.837+02:00  INFO 26844 --- [GFT Technical Test] [           main] liquibase.changelog                      : New row inserted into prices
2026-06-14T13:26:24.837+02:00 DEBUG 26844 --- [GFT Technical Test] [           main] liquibase.executor                       : Executing Statement: 
liquibase.statement.core.InsertStatement@7d6d93f9
2026-06-14T13:26:24.840+02:00 DEBUG 26844 --- [GFT Technical Test] [           main] liquibase.executor                       : 
INSERT INTO PUBLIC.prices (brand_id, product_id, price_list, start_date, end_date, priority, price, curr) VALUES (2, 354, 4, TIMESTAMP WITH TIME ZONE '2020-06-15 16:00:00+00:00', TIMESTAMP WITH TIME ZONE '2020-12-31 23:59:59+00:00', 1, 38.95, 'EUR')
2026-06-14T13:26:24.840+02:00 DEBUG 26844 --- [GFT Technical Test] [           main] liquibase.executor                       : 1 row(s) affected
2026-06-14T13:26:24.840+02:00  INFO 26844 --- [GFT Technical Test] [           main] liquibase.changelog                      : New row inserted into prices
2026-06-14T13:26:24.841+02:00 DEBUG 26844 --- [GFT Technical Test] [           main] liquibase.executor                       : Executing Statement: 
liquibase.statement.core.InsertStatement@43cbc87f
2026-06-14T13:26:24.841+02:00 DEBUG 26844 --- [GFT Technical Test] [           main] liquibase.executor                       : 
INSERT INTO PUBLIC.prices (brand_id, product_id, price_list, start_date, end_date, priority, price, curr) VALUES (2, 354, 4, TIMESTAMP WITH TIME ZONE '2020-11-15 16:00:00+00:00', TIMESTAMP WITH TIME ZONE '2020-12-31 23:59:59+00:00', 1, 48.95, 'EUR')
2026-06-14T13:26:24.842+02:00 DEBUG 26844 --- [GFT Technical Test] [           main] liquibase.executor                       : 1 row(s) affected
2026-06-14T13:26:24.842+02:00  INFO 26844 --- [GFT Technical Test] [           main] liquibase.changelog                      : New row inserted into prices
2026-06-14T13:26:24.842+02:00  INFO 26844 --- [GFT Technical Test] [           main] liquibase.changelog                      : ChangeSet db/changelog/changes/006-insert-price-data.xml::004-insert-price-data::codex ran successfully in 13ms
2026-06-14T13:26:24.843+02:00 DEBUG 26844 --- [GFT Technical Test] [           main] liquibase.executor                       : 
INSERT INTO PUBLIC.DATABASECHANGELOG (ID, AUTHOR, FILENAME, DATEEXECUTED, ORDEREXECUTED, MD5SUM, DESCRIPTION, COMMENTS, EXECTYPE, CONTEXTS, LABELS, LIQUIBASE, DEPLOYMENT_ID) VALUES ('004-insert-price-data', 'codex', 'db/changelog/changes/006-insert-price-data.xml', NOW(), 6, '9:19f64052e4a756c6c19c9a061ab43494', 'insert tableName=prices; insert tableName=prices; insert tableName=prices; insert tableName=prices; insert tableName=prices; insert tableName=prices', '', 'EXECUTED', NULL, NULL, '5.0.1', '1436383164')
2026-06-14T13:26:24.845+02:00 DEBUG 26844 --- [GFT Technical Test] [           main] liquibase.executor                       : 1 row(s) affected
2026-06-14T13:26:24.845+02:00 DEBUG 26844 --- [GFT Technical Test] [           main] liquibase.executor                       : Changelog query completed.
2026-06-14T13:26:24.849+02:00 DEBUG 26844 --- [GFT Technical Test] [           main] liquibase.servicelocator                 : Loaded liquibase.report.ShowSummaryGenerator instance liquibase.report.StandardShowSummaryGenerator
2026-06-14T13:26:24.853+02:00  INFO 26844 --- [GFT Technical Test] [           main] liquibase.util                           : UPDATE SUMMARY
2026-06-14T13:26:24.853+02:00  INFO 26844 --- [GFT Technical Test] [           main] liquibase.util                           : Run:                          6
2026-06-14T13:26:24.853+02:00  INFO 26844 --- [GFT Technical Test] [           main] liquibase.util                           : Previously run:               0
2026-06-14T13:26:24.853+02:00  INFO 26844 --- [GFT Technical Test] [           main] liquibase.util                           : Filtered out:                 0
2026-06-14T13:26:24.853+02:00  INFO 26844 --- [GFT Technical Test] [           main] liquibase.util                           : -------------------------------
2026-06-14T13:26:24.853+02:00  INFO 26844 --- [GFT Technical Test] [           main] liquibase.util                           : Total change sets:            6
2026-06-14T13:26:24.854+02:00  INFO 26844 --- [GFT Technical Test] [           main] liquibase.util                           : Update summary generated
2026-06-14T13:26:24.859+02:00  INFO 26844 --- [GFT Technical Test] [           main] liquibase.command                        : Update command completed successfully.
2026-06-14T13:26:24.859+02:00  INFO 26844 --- [GFT Technical Test] [           main] liquibase.ui                             : Liquibase: Update has been successful. Rows affected: 10
2026-06-14T13:26:24.859+02:00 DEBUG 26844 --- [GFT Technical Test] [           main] liquibase.executor                       : Release Database Lock
2026-06-14T13:26:24.861+02:00 DEBUG 26844 --- [GFT Technical Test] [           main] liquibase.executor                       : Changelog query completed.
2026-06-14T13:26:24.861+02:00  INFO 26844 --- [GFT Technical Test] [           main] liquibase.lockservice                    : Successfully released change log lock
2026-06-14T13:26:24.865+02:00  INFO 26844 --- [GFT Technical Test] [           main] liquibase.command                        : Command execution complete
2026-06-14T13:26:24.878+02:00 DEBUG 26844 --- [GFT Technical Test] [           main] liquibase.servicelocator                 : Loaded liquibase.analytics.AnalyticsListener instance liquibase.analytics.NoOpAnalyticsListener
2026-06-14T13:26:24.879+02:00 DEBUG 26844 --- [GFT Technical Test] [           main] liquibase.servicelocator                 : Loaded liquibase.analytics.AnalyticsListener instance liquibase.analytics.LiquibaseAnalyticsListener
2026-06-14T13:26:24.883+02:00 DEBUG 26844 --- [GFT Technical Test] [           main] liquibase.configuration                  : No configuration value for liquibase.analytics.devOverride found
2026-06-14T13:26:24.883+02:00 DEBUG 26844 --- [GFT Technical Test] [           main] liquibase.configuration                  : Configuration liquibase.analytics.devOverride is using the default value of false
2026-06-14T13:26:24.883+02:00 DEBUG 26844 --- [GFT Technical Test] [           main] liquibase.configuration                  : No configuration value for liquibase.analytics.configEndpointUrl found
2026-06-14T13:26:24.883+02:00 DEBUG 26844 --- [GFT Technical Test] [           main] liquibase.configuration                  : Configuration liquibase.analytics.configEndpointUrl is using the default value of https://config.liquibase.com/analytics.yaml
2026-06-14T13:26:24.883+02:00 DEBUG 26844 --- [GFT Technical Test] [           main] liquibase.configuration                  : No configuration value for liquibase.analytics.enabled found
2026-06-14T13:26:24.890+02:00 DEBUG 26844 --- [GFT Technical Test] [           main] liquibase.servicelocator                 : Loaded liquibase.license.LicenseService instance liquibase.license.OSSLicenseService
2026-06-14T13:26:24.898+02:00 DEBUG 26844 --- [GFT Technical Test] [           main] liquibase.configuration                  : No configuration value for liquibase.analytics.configCacheTimeoutMillis found
2026-06-14T13:26:24.898+02:00 DEBUG 26844 --- [GFT Technical Test] [           main] liquibase.configuration                  : Configuration liquibase.analytics.configCacheTimeoutMillis is using the default value of 3600000
2026-06-14T13:26:24.898+02:00 DEBUG 26844 --- [GFT Technical Test] [           main] liquibase.servicelocator                 : Loaded liquibase.analytics.configuration.AnalyticsConfiguration instance liquibase.analytics.configuration.LiquibaseRemoteAnalyticsConfiguration
2026-06-14T13:26:24.902+02:00 DEBUG 26844 --- [GFT Technical Test] [           main] liquibase.configuration                  : No configuration value for liquibase.analytics.logLevel found
2026-06-14T13:26:24.902+02:00 DEBUG 26844 --- [GFT Technical Test] [           main] liquibase.configuration                  : Configuration liquibase.analytics.logLevel is using the default value of OFF
2026-06-14T13:26:25.101+02:00 DEBUG 26844 --- [GFT Technical Test] [           main] liquibase.configuration                  : No configuration value for liquibase.analytics.configEndpointTimeoutMillis found
2026-06-14T13:26:25.101+02:00 DEBUG 26844 --- [GFT Technical Test] [           main] liquibase.configuration                  : Configuration liquibase.analytics.configEndpointTimeoutMillis is using the default value of 1500
2026-06-14T13:26:25.893+02:00  INFO 26844 --- [GFT Technical Test] [           main] o.s.b.a.e.web.EndpointLinksResolver      : Exposing 3 endpoints beneath base path '/actuator'
2026-06-14T13:26:26.003+02:00  INFO 26844 --- [GFT Technical Test] [           main] o.s.boot.tomcat.TomcatWebServer          : Tomcat started on port 49321 (http) with context path '/'
2026-06-14T13:26:26.014+02:00  INFO 26844 --- [GFT Technical Test] [           main] c.g.t.p.i.i.r.c.PriceApiE2ETest          : Started PriceApiE2ETest in 10.222 seconds (process running for 12.15)
2026-06-14T13:26:27.846+02:00  INFO 26844 --- [GFT Technical Test] [o-auto-1-exec-1] o.a.c.c.C.[Tomcat].[localhost].[/]       : Initializing Spring DispatcherServlet 'dispatcherServlet'
2026-06-14T13:26:27.847+02:00  INFO 26844 --- [GFT Technical Test] [o-auto-1-exec-1] o.s.web.servlet.DispatcherServlet        : Initializing Servlet 'dispatcherServlet'
2026-06-14T13:26:27.849+02:00  INFO 26844 --- [GFT Technical Test] [o-auto-1-exec-1] o.s.web.servlet.DispatcherServlet        : Completed initialization in 2 ms
]]></system-out>
    <system-err><![CDATA[Mockito is currently self-attaching to enable the inline-mock-maker. This will no longer work in future releases of the JDK. Please add Mockito as an agent to your build as described in Mockito's documentation: https://javadoc.io/doc/org.mockito/mockito-core/latest/org.mockito/org/mockito/Mockito.html#0.3
WARNING: A Java agent has been loaded dynamically (C:\Users\NuruQuentar\.m2\repository\net\bytebuddy\byte-buddy-agent\1.17.8\byte-buddy-agent-1.17.8.jar)
WARNING: If a serviceability tool is in use, please run with -XX:+EnableDynamicAgentLoading to hide this warning
WARNING: If a serviceability tool is not in use, please run with -Djdk.instrument.traceUsage for more information
WARNING: Dynamic loading of agents will be disallowed by default in a future release
]]></system-err>
  </testcase>
  <testcase name="shouldReturnPriceForJune15AtTen" classname="com.gft.techtest.prices.infrastructure.in.rest.controller.PriceApiE2ETest" time="0.09"/>
  <testcase name="shouldReturnCorrectPriceBasedOnTimezoneNormalization(String, int, float)[1]" classname="com.gft.techtest.prices.infrastructure.in.rest.controller.PriceApiE2ETest" time="0.072"/>
  <testcase name="shouldReturnCorrectPriceBasedOnTimezoneNormalization(String, int, float)[2]" classname="com.gft.techtest.prices.infrastructure.in.rest.controller.PriceApiE2ETest" time="0.051"/>
  <testcase name="shouldReturnNotFoundWhenBrandDoesNotExist" classname="com.gft.techtest.prices.infrastructure.in.rest.controller.PriceApiE2ETest" time="0.064">
    <system-out><![CDATA[2026-06-14T13:26:29.829+02:00  INFO 26844 --- [GFT Technical Test] [o-auto-1-exec-5] c.g.t.p.i.i.r.c.e.GlobalExceptionHandler : Resource not found execution at Brand [/prices]: Brand not found: 99999
]]></system-out>
  </testcase>
  <testcase name="shouldReturnPriceForJune14AtSixteen" classname="com.gft.techtest.prices.infrastructure.in.rest.controller.PriceApiE2ETest" time="0.084"/>
  <testcase name="shouldReturnNotFoundWhenProductDoesNotExist" classname="com.gft.techtest.prices.infrastructure.in.rest.controller.PriceApiE2ETest" time="0.047">
    <system-out><![CDATA[2026-06-14T13:26:29.974+02:00  INFO 26844 --- [GFT Technical Test] [-auto-1-exec-10] c.g.t.p.i.i.r.c.e.GlobalExceptionHandler : Resource not found execution at Product [/prices]: Product not found: 99999
]]></system-out>
  </testcase>
  <testcase name="shouldReturnNotFoundWhenNoPriceIsConfiguredForGivenDate" classname="com.gft.techtest.prices.infrastructure.in.rest.controller.PriceApiE2ETest" time="0.049">
    <system-out><![CDATA[2026-06-14T13:26:30.028+02:00  INFO 26844 --- [GFT Technical Test] [o-auto-1-exec-1] c.g.t.p.i.i.r.c.e.GlobalExceptionHandler : Resource not found execution at Price [/prices]: Applicable price not found for brand: 1 and product: 35455 for date: 2040-01-01T10:00Z
]]></system-out>
  </testcase>
  <testcase name="shouldReturnConflictForDuplicatePriority" classname="com.gft.techtest.prices.infrastructure.in.rest.controller.PriceApiE2ETest" time="0.074">
    <system-out><![CDATA[2026-06-14T13:26:30.102+02:00  WARN 26844 --- [GFT Technical Test] [o-auto-1-exec-2] c.g.t.p.i.i.r.c.e.GlobalExceptionHandler : Business conflict detected at [/prices]: Multiple prices share the highest priority for the same criteria
]]></system-out>
  </testcase>
  <testcase name="shouldReturnPriceForJune14AtTwentyOne" classname="com.gft.techtest.prices.infrastructure.in.rest.controller.PriceApiE2ETest" time="0.075"/>
</testsuite>